<ShowPlanXML xmlns="http://schemas.microsoft.com/sqlserver/2004/07/showplan" Version="1.539" Build="15.0.2000.5"><BatchSequence><Batch><Statements><StmtSimple StatementText="SELECT count(*) FROM deliverer as del&#xd;&#xa;JOIN [order] as ord&#xd;&#xa;ON ord.deliverer_id = del.id&#xd;&#xa;JOIN customer as cus&#xd;&#xa;ON cus.id = ord.customer_id&#xd;&#xa;JOIN order_details as ord_det&#xd;&#xa;ON ord_det.order_id = ord.id&#xd;&#xa;JOIN product as prod&#xd;&#xa;ON prod.id = ord_det.product_id" StatementId="1" StatementCompId="2" StatementType="SELECT" RetrievedFromCache="true" StatementSubTreeCost="424.295" StatementEstRows="1" SecurityPolicyApplied="false" StatementOptmLevel="FULL" QueryHash="0xE20E842BDD29AE70" QueryPlanHash="0x914C5C224B02A242" CardinalityEstimationModelVersion="150" BatchModeOnRowStoreUsed="true"><StatementSetOptions QUOTED_IDENTIFIER="true" ARITHABORT="true" CONCAT_NULL_YIELDS_NULL="true" ANSI_NULLS="true" ANSI_PADDING="true" ANSI_WARNINGS="true" NUMERIC_ROUNDABORT="false"></StatementSetOptions><QueryPlan DegreeOfParallelism="7" MemoryGrant="5148816" CachedPlanSize="144" CompileTime="60" CompileCPU="60" CompileMemory="1968"><ThreadStat Branches="1" UsedThreads="7"><ThreadReservation NodeId="1" ReservedThreads="8"></ThreadReservation></ThreadStat><MissingIndexes><MissingIndexGroup Impact="19.6858"><MissingIndex Database="[order_db_unif]" Schema="[dbo]" Table="[order]"><ColumnGroup Usage="EQUALITY"><Column Name="[deliverer_id]" ColumnId="4"></Column></ColumnGroup><ColumnGroup Usage="INCLUDE"><Column Name="[id]" ColumnId="1"></Column><Column Name="[customer_id]" ColumnId="2"></Column></ColumnGroup></MissingIndex></MissingIndexGroup><MissingIndexGroup Impact="66.2713"><MissingIndex Database="[order_db_unif]" Schema="[dbo]" Table="[order_details]"><ColumnGroup Usage="EQUALITY"><Column Name="[order_id]" ColumnId="2"></Column></ColumnGroup><ColumnGroup Usage="INCLUDE"><Column Name="[product_id]" ColumnId="3"></Column></ColumnGroup></MissingIndex></MissingIndexGroup></MissingIndexes><MemoryGrantInfo SerialRequiredMemory="10240" SerialDesiredMemory="5087240" RequiredMemory="71800" DesiredMemory="5148816" RequestedMemory="5148816" GrantWaitTime="0" MaxQueryMemory="21346240" GrantedMemory="5148816" MaxUsedMemory="798720" LastRequestedMemory="0" IsMemoryGrantFeedbackAdjusted="No: First Execution"></MemoryGrantInfo><OptimizerHardwareDependentProperties EstimatedAvailableMemoryGrant="629142" EstimatedPagesCached="786428" EstimatedAvailableDegreeOfParallelism="7" MaxCompileMemory="86009776"></OptimizerHardwareDependentProperties><OptimizerStatsUsage><StatisticsInfo LastUpdate="2021-03-17T10:30:09.18" ModificationCount="0" SamplingPercent="100" Statistics="[_WA_Sys_00000001_24927208]" Table="[deliverer]" Schema="[dbo]" Database="[order_db_unif]"></StatisticsInfo><StatisticsInfo LastUpdate="2021-03-17T10:28:43.80" ModificationCount="0" SamplingPercent="0.75388" Statistics="[_WA_Sys_00000003_276EDEB3]" Table="[order_details]" Schema="[dbo]" Database="[order_db_unif]"></StatisticsInfo><StatisticsInfo LastUpdate="2021-03-17T10:28:43.49" ModificationCount="0" SamplingPercent="0.75388" Statistics="[_WA_Sys_00000002_276EDEB3]" Table="[order_details]" Schema="[dbo]" Database="[order_db_unif]"></StatisticsInfo><StatisticsInfo LastUpdate="2021-03-17T10:36:54.76" ModificationCount="0" SamplingPercent="1.57942" Statistics="[_WA_Sys_00000002_267ABA7A]" Table="[order]" Schema="[dbo]" Database="[order_db_unif]"></StatisticsInfo><StatisticsInfo LastUpdate="2021-03-17T10:30:09.36" ModificationCount="0" SamplingPercent="1.57942" Statistics="[_WA_Sys_00000004_267ABA7A]" Table="[order]" Schema="[dbo]" Database="[order_db_unif]"></StatisticsInfo><StatisticsInfo LastUpdate="2021-03-17T10:28:43.13" ModificationCount="0" SamplingPercent="1.57942" Statistics="[_WA_Sys_00000001_267ABA7A]" Table="[order]" Schema="[dbo]" Database="[order_db_unif]"></StatisticsInfo><StatisticsInfo LastUpdate="2021-03-17T10:28:43.94" ModificationCount="0" SamplingPercent="14.831" Statistics="[_WA_Sys_00000002_286302EC]" Table="[product]" Schema="[dbo]" Database="[order_db_unif]"></StatisticsInfo><StatisticsInfo LastUpdate="2021-03-17T10:36:54.95" ModificationCount="0" SamplingPercent="4.67798" Statistics="[_WA_Sys_00000001_239E4DCF]" Table="[customer]" Schema="[dbo]" Database="[order_db_unif]"></StatisticsInfo></OptimizerStatsUsage><WaitStats><Wait WaitType="RESERVED_MEMORY_ALLOCATION_EXT" WaitTimeMs="797" WaitCount="31304"></Wait><Wait WaitType="HTBUILD" WaitTimeMs="310" WaitCount="72"></Wait><Wait WaitType="HTDELETE" WaitTimeMs="161" WaitCount="72"></Wait><Wait WaitType="SOS_SCHEDULER_YIELD" WaitTimeMs="49" WaitCount="8817"></Wait><Wait WaitType="HTREPARTITION" WaitTimeMs="28" WaitCount="48"></Wait><Wait WaitType="LATCH_EX" WaitTimeMs="26" WaitCount="79"></Wait><Wait WaitType="CMEMTHREAD" WaitTimeMs="9" WaitCount="287"></Wait><Wait WaitType="CXPACKET" WaitTimeMs="8" WaitCount="8"></Wait><Wait WaitType="EXECSYNC" WaitTimeMs="8" WaitCount="76"></Wait><Wait WaitType="MEMORY_ALLOCATION_EXT" WaitTimeMs="5" WaitCount="1135"></Wait></WaitStats><QueryTimeStats ElapsedTime="5266" CpuTime="36310"></QueryTimeStats><RelOp NodeId="0" PhysicalOp="Parallelism" LogicalOp="Gather Streams" EstimateRows="1" EstimateIO="0" EstimateCPU="0.0285019" AvgRowSize="11" EstimatedTotalSubtreeCost="424.295" Parallel="1" EstimateRebinds="0" EstimateRewinds="0" EstimatedExecutionMode="Row"><OutputList><ColumnReference Column="Expr1010"></ColumnReference></OutputList><RunTimeInformation><RunTimeCountersPerThread Thread="0" ActualRows="1" Batches="0" ActualExecutionMode="Row" ActualElapsedms="5265" ActualCPUms="0" ActualEndOfScans="1" ActualExecutions="1"></RunTimeCountersPerThread></RunTimeInformation><Parallelism><RelOp NodeId="2" PhysicalOp="Compute Scalar" LogicalOp="Compute Scalar" EstimateRows="1" EstimateIO="0" EstimateCPU="1.42857e-09" AvgRowSize="11" EstimatedTotalSubtreeCost="424.267" Parallel="1" EstimateRebinds="0" EstimateRewinds="0" EstimatedExecutionMode="Batch"><OutputList><ColumnReference Column="Expr1010"></ColumnReference></OutputList><RunTimeInformation><RunTimeCountersPerThread Thread="7" ActualRows="0" Batches="0" ActualExecutionMode="Batch" ActualElapsedms="0" ActualCPUms="0" ActualScans="0" ActualLogicalReads="0" ActualPhysicalReads="0" ActualReadAheads="0" ActualLobLogicalReads="0" ActualLobPhysicalReads="0" ActualLobReadAheads="0" ActualEndOfScans="0" ActualExecutions="1"></RunTimeCountersPerThread><RunTimeCountersPerThread Thread="6" ActualRows="1" Batches="1" ActualExecutionMode="Batch" ActualElapsedms="0" ActualCPUms="0" ActualScans="0" ActualLogicalReads="0" ActualPhysicalReads="0" ActualReadAheads="0" ActualLobLogicalReads="0" ActualLobPhysicalReads="0" ActualLobReadAheads="0" ActualEndOfScans="0" ActualExecutions="1"></RunTimeCountersPerThread><RunTimeCountersPerThread Thread="5" ActualRows="0" Batches="0" ActualExecutionMode="Batch" ActualElapsedms="0" ActualCPUms="0" ActualScans="0" ActualLogicalReads="0" ActualPhysicalReads="0" ActualReadAheads="0" ActualLobLogicalReads="0" ActualLobPhysicalReads="0" ActualLobReadAheads="0" ActualEndOfScans="0" ActualExecutions="1"></RunTimeCountersPerThread><RunTimeCountersPerThread Thread="4" ActualRows="0" Batches="0" ActualExecutionMode="Batch" ActualElapsedms="0" ActualCPUms="0" ActualScans="0" ActualLogicalReads="0" ActualPhysicalReads="0" ActualReadAheads="0" ActualLobLogicalReads="0" ActualLobPhysicalReads="0" ActualLobReadAheads="0" ActualEndOfScans="0" ActualExecutions="1"></RunTimeCountersPerThread><RunTimeCountersPerThread Thread="3" ActualRows="0" Batches="0" ActualExecutionMode="Batch" ActualElapsedms="0" ActualCPUms="0" ActualScans="0" ActualLogicalReads="0" ActualPhysicalReads="0" ActualReadAheads="0" ActualLobLogicalReads="0" ActualLobPhysicalReads="0" ActualLobReadAheads="0" ActualEndOfScans="0" ActualExecutions="1"></RunTimeCountersPerThread><RunTimeCountersPerThread Thread="2" ActualRows="0" Batches="0" ActualExecutionMode="Batch" ActualElapsedms="0" ActualCPUms="0" ActualScans="0" ActualLogicalReads="0" ActualPhysicalReads="0" ActualReadAheads="0" ActualLobLogicalReads="0" ActualLobPhysicalReads="0" ActualLobReadAheads="0" ActualEndOfScans="0" ActualExecutions="1"></RunTimeCountersPerThread><RunTimeCountersPerThread Thread="1" ActualRows="0" Batches="0" ActualExecutionMode="Batch" ActualElapsedms="0" ActualCPUms="0" ActualScans="0" ActualLogicalReads="0" ActualPhysicalReads="0" ActualReadAheads="0" ActualLobLogicalReads="0" ActualLobPhysicalReads="0" ActualLobReadAheads="0" ActualEndOfScans="0" ActualExecutions="1"></RunTimeCountersPerThread><RunTimeCountersPerThread Thread="0" ActualRows="0" Batches="0" ActualExecutionMode="Row" ActualElapsedms="0" ActualCPUms="0" ActualEndOfScans="0" ActualExecutions="0"></RunTimeCountersPerThread></RunTimeInformation><ComputeScalar><DefinedValues><DefinedValue><ColumnReference Column="Expr1010"></ColumnReference><ScalarOperator ScalarString="CONVERT_IMPLICIT(int,[globalagg1013],0)"><Convert DataType="int" Style="0" Implicit="1"><ScalarOperator><Identifier><ColumnReference Column="globalagg1013"></ColumnReference></Identifier></ScalarOperator></Convert></ScalarOperator></DefinedValue></DefinedValues><RelOp NodeId="3" PhysicalOp="Hash Match" LogicalOp="Aggregate" EstimateRows="1" EstimateIO="0" EstimateCPU="0.0117749" AvgRowSize="15" EstimatedTotalSubtreeCost="424.267" Parallel="1" EstimateRebinds="0" EstimateRewinds="0" EstimatedExecutionMode="Batch"><OutputList><ColumnReference Column="globalagg1013"></ColumnReference></OutputList><MemoryFractions Input="1" Output="1"></MemoryFractions><RunTimeInformation><RunTimeCountersPerThread Thread="7" ActualRows="0" Batches="0" ActualExecutionMode="Batch" ActualElapsedms="1" ActualCPUms="0" ActualScans="0" ActualLogicalReads="0" ActualPhysicalReads="0" ActualReadAheads="0" ActualLobLogicalReads="0" ActualLobPhysicalReads="0" ActualLobReadAheads="0" ActualEndOfScans="0" ActualExecutions="1"></RunTimeCountersPerThread><RunTimeCountersPerThread Thread="6" ActualRows="1" Batches="1" ActualExecutionMode="Batch" ActualElapsedms="2" ActualCPUms="1" ActualScans="0" ActualLogicalReads="0" ActualPhysicalReads="0" ActualReadAheads="0" ActualLobLogicalReads="0" ActualLobPhysicalReads="0" ActualLobReadAheads="0" ActualEndOfScans="0" ActualExecutions="1"></RunTimeCountersPerThread><RunTimeCountersPerThread Thread="5" ActualRows="0" Batches="0" ActualExecutionMode="Batch" ActualElapsedms="2" ActualCPUms="1" ActualScans="0" ActualLogicalReads="0" ActualPhysicalReads="0" ActualReadAheads="0" ActualLobLogicalReads="0" ActualLobPhysicalReads="0" ActualLobReadAheads="0" ActualEndOfScans="0" ActualExecutions="1"></RunTimeCountersPerThread><RunTimeCountersPerThread Thread="4" ActualRows="0" Batches="0" ActualExecutionMode="Batch" ActualElapsedms="1" ActualCPUms="1" ActualScans="0" ActualLogicalReads="0" ActualPhysicalReads="0" ActualReadAheads="0" ActualLobLogicalReads="0" ActualLobPhysicalReads="0" ActualLobReadAheads="0" ActualEndOfScans="0" ActualExecutions="1"></RunTimeCountersPerThread><RunTimeCountersPerThread Thread="3" ActualRows="0" Batches="0" ActualExecutionMode="Batch" ActualElapsedms="1" ActualCPUms="0" ActualScans="0" ActualLogicalReads="0" ActualPhysicalReads="0" ActualReadAheads="0" ActualLobLogicalReads="0" ActualLobPhysicalReads="0" ActualLobReadAheads="0" ActualEndOfScans="0" ActualExecutions="1"></RunTimeCountersPerThread><RunTimeCountersPerThread Thread="2" ActualRows="0" Batches="0" ActualExecutionMode="Batch" ActualElapsedms="1" ActualCPUms="1" ActualScans="0" ActualLogicalReads="0" ActualPhysicalReads="0" ActualReadAheads="0" ActualLobLogicalReads="0" ActualLobPhysicalReads="0" ActualLobReadAheads="0" ActualEndOfScans="0" ActualExecutions="1"></RunTimeCountersPerThread><RunTimeCountersPerThread Thread="1" ActualRows="0" Batches="0" ActualExecutionMode="Batch" ActualElapsedms="1" ActualCPUms="1" ActualScans="0" ActualLogicalReads="0" ActualPhysicalReads="0" ActualReadAheads="0" ActualLobLogicalReads="0" ActualLobPhysicalReads="0" ActualLobReadAheads="0" ActualEndOfScans="0" ActualExecutions="1"></RunTimeCountersPerThread><RunTimeCountersPerThread Thread="0" ActualRows="0" Batches="0" ActualExecutionMode="Row" ActualElapsedms="0" ActualCPUms="0" ActualEndOfScans="0" ActualExecutions="0"></RunTimeCountersPerThread></RunTimeInformation><Hash><DefinedValues><DefinedValue><ColumnReference Column="globalagg1013"></ColumnReference><ScalarOperator ScalarString="SUM([partialagg1012])"><Aggregate Distinct="0" AggType="SUM"><ScalarOperator><Identifier><ColumnReference Column="partialagg1012"></ColumnReference></Identifier></ScalarOperator></Aggregate></ScalarOperator></DefinedValue></DefinedValues><HashKeysBuild></HashKeysBuild><RelOp NodeId="4" PhysicalOp="Hash Match" LogicalOp="Inner Join" EstimateRows="999985" EstimateIO="0" EstimateCPU="0.309848" AvgRowSize="15" EstimatedTotalSubtreeCost="424.255" Parallel="1" EstimateRebinds="0" EstimateRewinds="0" EstimatedExecutionMode="Batch"><OutputList><ColumnReference Column="partialagg1012"></ColumnReference></OutputList><MemoryFractions Input="0.999994" Output="0.999994"></MemoryFractions><RunTimeInformation><RunTimeCountersPerThread Thread="7" ActualRows="121292" Batches="135" ActualExecutionMode="Batch" ActualElapsedms="38" ActualCPUms="31" ActualScans="0" ActualLogicalReads="0" ActualPhysicalReads="0" ActualReadAheads="0" ActualLobLogicalReads="0" ActualLobPhysicalReads="0" ActualLobReadAheads="0" ActualEndOfScans="0" ActualExecutions="1"></RunTimeCountersPerThread><RunTimeCountersPerThread Thread="6" ActualRows="155972" Batches="174" ActualExecutionMode="Batch" ActualElapsedms="33" ActualCPUms="32" ActualScans="0" ActualLogicalReads="0" ActualPhysicalReads="0" ActualReadAheads="0" ActualLobLogicalReads="0" ActualLobPhysicalReads="0" ActualLobReadAheads="0" ActualEndOfScans="0" ActualExecutions="1"></RunTimeCountersPerThread><RunTimeCountersPerThread Thread="5" ActualRows="109342" Batches="122" ActualExecutionMode="Batch" ActualElapsedms="38" ActualCPUms="31" ActualScans="0" ActualLogicalReads="0" ActualPhysicalReads="0" ActualReadAheads="0" ActualLobLogicalReads="0" ActualLobPhysicalReads="0" ActualLobReadAheads="0" ActualEndOfScans="0" ActualExecutions="1"></RunTimeCountersPerThread><RunTimeCountersPerThread Thread="4" ActualRows="160121" Batches="178" ActualExecutionMode="Batch" ActualElapsedms="38" ActualCPUms="31" ActualScans="0" ActualLogicalReads="0" ActualPhysicalReads="0" ActualReadAheads="0" ActualLobLogicalReads="0" ActualLobPhysicalReads="0" ActualLobReadAheads="0" ActualEndOfScans="0" ActualExecutions="1"></RunTimeCountersPerThread><RunTimeCountersPerThread Thread="3" ActualRows="156237" Batches="174" ActualExecutionMode="Batch" ActualElapsedms="35" ActualCPUms="30" ActualScans="0" ActualLogicalReads="0" ActualPhysicalReads="0" ActualReadAheads="0" ActualLobLogicalReads="0" ActualLobPhysicalReads="0" ActualLobReadAheads="0" ActualEndOfScans="0" ActualExecutions="1"></RunTimeCountersPerThread><RunTimeCountersPerThread Thread="2" ActualRows="124727" Batches="139" ActualExecutionMode="Batch" ActualElapsedms="36" ActualCPUms="31" ActualScans="0" ActualLogicalReads="0" ActualPhysicalReads="0" ActualReadAheads="0" ActualLobLogicalReads="0" ActualLobPhysicalReads="0" ActualLobReadAheads="0" ActualEndOfScans="0" ActualExecutions="1"></RunTimeCountersPerThread><RunTimeCountersPerThread Thread="1" ActualRows="172309" Batches="192" ActualExecutionMode="Batch" ActualElapsedms="38" ActualCPUms="31" ActualScans="0" ActualLogicalReads="0" ActualPhysicalReads="0" ActualReadAheads="0" ActualLobLogicalReads="0" ActualLobPhysicalReads="0" ActualLobReadAheads="0" ActualEndOfScans="0" ActualExecutions="1"></RunTimeCountersPerThread><RunTimeCountersPerThread Thread="0" ActualRows="0" Batches="0" ActualExecutionMode="Row" ActualElapsedms="0" ActualCPUms="0" ActualEndOfScans="0" ActualExecutions="0"></RunTimeCountersPerThread></RunTimeInformation><Hash><DefinedValues></DefinedValues><HashKeysBuild><ColumnReference Database="[order_db_unif]" Schema="[dbo]" Table="[product]" Alias="[prod]" Column="id"></ColumnReference></HashKeysBuild><HashKeysProbe><ColumnReference Database="[order_db_unif]" Schema="[dbo]" Table="[order_details]" Alias="[ord_det]" Column="product_id"></ColumnReference></HashKeysProbe><ProbeResidual><ScalarOperator ScalarString="[order_db_unif].[dbo].[order_details].[product_id] as [ord_det].[product_id]=[order_db_unif].[dbo].[product].[id] as [prod].[id]"><Compare CompareOp="EQ"><ScalarOperator><Identifier><ColumnReference Database="[order_db_unif]" Schema="[dbo]" Table="[order_details]" Alias="[ord_det]" Column="product_id"></ColumnReference></Identifier></ScalarOperator><ScalarOperator><Identifier><ColumnReference Database="[order_db_unif]" Schema="[dbo]" Table="[product]" Alias="[prod]" Column="id"></ColumnReference></Identifier></ScalarOperator></Compare></ScalarOperator></ProbeResidual><RelOp NodeId="5" PhysicalOp="Table Scan" LogicalOp="Table Scan" EstimateRows="1e+06" EstimatedRowsRead="1e+06" EstimateIO="6.44387" EstimateCPU="0.157165" AvgRowSize="15" EstimatedTotalSubtreeCost="6.60103" TableCardinality="1e+06" Parallel="1" EstimateRebinds="0" EstimateRewinds="0" EstimatedExecutionMode="Batch"><OutputList><ColumnReference Database="[order_db_unif]" Schema="[dbo]" Table="[product]" Alias="[prod]" Column="id"></ColumnReference></OutputList><RunTimeInformation><RunTimeCountersPerThread Thread="7" ActualRows="147200" Batches="164" ActualExecutionMode="Batch" ActualElapsedms="30" ActualCPUms="29" ActualScans="1" ActualLogicalReads="1280" ActualPhysicalReads="0" ActualReadAheads="0" ActualLobLogicalReads="0" ActualLobPhysicalReads="0" ActualLobReadAheads="0" ActualRowsRead="147200" ActualEndOfScans="0" ActualExecutions="1"></RunTimeCountersPerThread><RunTimeCountersPerThread Thread="6" ActualRows="117760" Batches="131" ActualExecutionMode="Batch" ActualElapsedms="33" ActualCPUms="33" ActualScans="1" ActualLogicalReads="1024" ActualPhysicalReads="0" ActualReadAheads="0" ActualLobLogicalReads="0" ActualLobPhysicalReads="0" ActualLobReadAheads="0" ActualRowsRead="117760" ActualEndOfScans="0" ActualExecutions="1"></RunTimeCountersPerThread><RunTimeCountersPerThread Thread="5" ActualRows="147200" Batches="164" ActualExecutionMode="Batch" ActualElapsedms="31" ActualCPUms="31" ActualScans="1" ActualLogicalReads="1280" ActualPhysicalReads="0" ActualReadAheads="0" ActualLobLogicalReads="0" ActualLobPhysicalReads="0" ActualLobReadAheads="0" ActualRowsRead="147200" ActualEndOfScans="0" ActualExecutions="1"></RunTimeCountersPerThread><RunTimeCountersPerThread Thread="4" ActualRows="147200" Batches="164" ActualExecutionMode="Batch" ActualElapsedms="32" ActualCPUms="32" ActualScans="1" ActualLogicalReads="1280" ActualPhysicalReads="0" ActualReadAheads="0" ActualLobLogicalReads="0" ActualLobPhysicalReads="0" ActualLobReadAheads="0" ActualRowsRead="147200" ActualEndOfScans="0" ActualExecutions="1"></RunTimeCountersPerThread><RunTimeCountersPerThread Thread="3" ActualRows="147200" Batches="164" ActualExecutionMode="Batch" ActualElapsedms="31" ActualCPUms="30" ActualScans="1" ActualLogicalReads="1280" ActualPhysicalReads="0" ActualReadAheads="0" ActualLobLogicalReads="0" ActualLobPhysicalReads="0" ActualLobReadAheads="0" ActualRowsRead="147200" ActualEndOfScans="0" ActualExecutions="1"></RunTimeCountersPerThread><RunTimeCountersPerThread Thread="2" ActualRows="147200" Batches="164" ActualExecutionMode="Batch" ActualElapsedms="30" ActualCPUms="30" ActualScans="1" ActualLogicalReads="1280" ActualPhysicalReads="0" ActualReadAheads="0" ActualLobLogicalReads="0" ActualLobPhysicalReads="0" ActualLobReadAheads="0" ActualRowsRead="147200" ActualEndOfScans="0" ActualExecutions="1"></RunTimeCountersPerThread><RunTimeCountersPerThread Thread="1" ActualRows="146240" Batches="163" ActualExecutionMode="Batch" ActualElapsedms="32" ActualCPUms="31" ActualScans="1" ActualLogicalReads="1272" ActualPhysicalReads="0" ActualReadAheads="0" ActualLobLogicalReads="0" ActualLobPhysicalReads="0" ActualLobReadAheads="0" ActualRowsRead="146240" ActualEndOfScans="0" ActualExecutions="1"></RunTimeCountersPerThread><RunTimeCountersPerThread Thread="0" ActualRows="0" Batches="0" ActualExecutionMode="Row" ActualElapsedms="0" ActualCPUms="0" ActualEndOfScans="0" ActualExecutions="0"></RunTimeCountersPerThread></RunTimeInformation><IndexScan Ordered="0" ForcedIndex="0" ForceSeek="0" ForceScan="0" NoExpandHint="0" Storage="RowStore"><DefinedValues><DefinedValue><ColumnReference Database="[order_db_unif]" Schema="[dbo]" Table="[product]" Alias="[prod]" Column="id"></ColumnReference></DefinedValue></DefinedValues><Object Database="[order_db_unif]" Schema="[dbo]" Table="[product]" Alias="[prod]" IndexKind="Heap" Storage="RowStore"></Object></IndexScan></RelOp><RelOp NodeId="6" PhysicalOp="Hash Match" LogicalOp="Aggregate" EstimateRows="999588" EstimateIO="0" EstimateCPU="6.81342" AvgRowSize="23" EstimatedTotalSubtreeCost="417.344" Parallel="1" EstimateRebinds="0" EstimateRewinds="0" EstimatedExecutionMode="Batch"><OutputList><ColumnReference Database="[order_db_unif]" Schema="[dbo]" Table="[order_details]" Alias="[ord_det]" Column="product_id"></ColumnReference><ColumnReference Column="partialagg1012"></ColumnReference></OutputList><MemoryFractions Input="0.962677" Output="0.962677"></MemoryFractions><RunTimeInformation><RunTimeCountersPerThread Thread="7" ActualRows="121292" Batches="135" ActualExecutionMode="Batch" ActualElapsedms="1046" ActualCPUms="997" ActualScans="0" ActualLogicalReads="0" ActualPhysicalReads="0" ActualReadAheads="0" ActualLobLogicalReads="0" ActualLobPhysicalReads="0" ActualLobReadAheads="0" ActualEndOfScans="0" ActualExecutions="1"></RunTimeCountersPerThread><RunTimeCountersPerThread Thread="6" ActualRows="155972" Batches="174" ActualExecutionMode="Batch" ActualElapsedms="917" ActualCPUms="908" ActualScans="0" ActualLogicalReads="0" ActualPhysicalReads="0" ActualReadAheads="0" ActualLobLogicalReads="0" ActualLobPhysicalReads="0" ActualLobReadAheads="0" ActualEndOfScans="0" ActualExecutions="1"></RunTimeCountersPerThread><RunTimeCountersPerThread Thread="5" ActualRows="109342" Batches="122" ActualExecutionMode="Batch" ActualElapsedms="1010" ActualCPUms="953" ActualScans="0" ActualLogicalReads="0" ActualPhysicalReads="0" ActualReadAheads="0" ActualLobLogicalReads="0" ActualLobPhysicalReads="0" ActualLobReadAheads="0" ActualEndOfScans="0" ActualExecutions="1"></RunTimeCountersPerThread><RunTimeCountersPerThread Thread="4" ActualRows="160121" Batches="178" ActualExecutionMode="Batch" ActualElapsedms="938" ActualCPUms="882" ActualScans="0" ActualLogicalReads="0" ActualPhysicalReads="0" ActualReadAheads="0" ActualLobLogicalReads="0" ActualLobPhysicalReads="0" ActualLobReadAheads="0" ActualEndOfScans="0" ActualExecutions="1"></RunTimeCountersPerThread><RunTimeCountersPerThread Thread="3" ActualRows="156237" Batches="174" ActualExecutionMode="Batch" ActualElapsedms="1140" ActualCPUms="1082" ActualScans="0" ActualLogicalReads="0" ActualPhysicalReads="0" ActualReadAheads="0" ActualLobLogicalReads="0" ActualLobPhysicalReads="0" ActualLobReadAheads="0" ActualEndOfScans="0" ActualExecutions="1"></RunTimeCountersPerThread><RunTimeCountersPerThread Thread="2" ActualRows="124727" Batches="139" ActualExecutionMode="Batch" ActualElapsedms="1056" ActualCPUms="1009" ActualScans="0" ActualLogicalReads="0" ActualPhysicalReads="0" ActualReadAheads="0" ActualLobLogicalReads="0" ActualLobPhysicalReads="0" ActualLobReadAheads="0" ActualEndOfScans="0" ActualExecutions="1"></RunTimeCountersPerThread><RunTimeCountersPerThread Thread="1" ActualRows="172309" Batches="192" ActualExecutionMode="Batch" ActualElapsedms="884" ActualCPUms="835" ActualScans="0" ActualLogicalReads="0" ActualPhysicalReads="0" ActualReadAheads="0" ActualLobLogicalReads="0" ActualLobPhysicalReads="0" ActualLobReadAheads="0" ActualEndOfScans="0" ActualExecutions="1"></RunTimeCountersPerThread><RunTimeCountersPerThread Thread="0" ActualRows="0" Batches="0" ActualExecutionMode="Row" ActualElapsedms="0" ActualCPUms="0" ActualEndOfScans="0" ActualExecutions="0"></RunTimeCountersPerThread></RunTimeInformation><Hash><DefinedValues><DefinedValue><ColumnReference Column="partialagg1012"></ColumnReference><ScalarOperator ScalarString="COUNT(*)"><Aggregate Distinct="0" AggType="COUNT*"></Aggregate></ScalarOperator></DefinedValue></DefinedValues><HashKeysBuild><ColumnReference Database="[order_db_unif]" Schema="[dbo]" Table="[order_details]" Alias="[ord_det]" Column="product_id"></ColumnReference></HashKeysBuild><BuildResidual><ScalarOperator ScalarString="[order_db_unif].[dbo].[order_details].[product_id] as [ord_det].[product_id] = [order_db_unif].[dbo].[order_details].[product_id] as [ord_det].[product_id]"><Compare CompareOp="IS"><ScalarOperator><Identifier><ColumnReference Database="[order_db_unif]" Schema="[dbo]" Table="[order_details]" Alias="[ord_det]" Column="product_id"></ColumnReference></Identifier></ScalarOperator><ScalarOperator><Identifier><ColumnReference Database="[order_db_unif]" Schema="[dbo]" Table="[order_details]" Alias="[ord_det]" Column="product_id"></ColumnReference></Identifier></ScalarOperator></Compare></ScalarOperator></BuildResidual><RelOp NodeId="7" PhysicalOp="Hash Match" LogicalOp="Inner Join" EstimateRows="6.00541e+07" EstimateIO="0" EstimateCPU="11.8493" AvgRowSize="15" EstimatedTotalSubtreeCost="410.531" Parallel="1" EstimateRebinds="0" EstimateRewinds="0" EstimatedExecutionMode="Batch"><OutputList><ColumnReference Database="[order_db_unif]" Schema="[dbo]" Table="[order_details]" Alias="[ord_det]" Column="product_id"></ColumnReference></OutputList><MemoryFractions Input="0.938228" Output="0.938228"></MemoryFractions><RunTimeInformation><RunTimeCountersPerThread Thread="7" ActualRows="8295552" Batches="9218" ActualExecutionMode="Batch" ActualElapsedms="1808" ActualCPUms="1794" ActualScans="0" ActualLogicalReads="0" ActualPhysicalReads="0" ActualReadAheads="0" ActualLobLogicalReads="0" ActualLobPhysicalReads="0" ActualLobReadAheads="0" ActualEndOfScans="0" ActualExecutions="1"></RunTimeCountersPerThread><RunTimeCountersPerThread Thread="6" ActualRows="9192960" Batches="10215" ActualExecutionMode="Batch" ActualElapsedms="1899" ActualCPUms="1864" ActualScans="0" ActualLogicalReads="0" ActualPhysicalReads="0" ActualReadAheads="0" ActualLobLogicalReads="0" ActualLobPhysicalReads="0" ActualLobReadAheads="0" ActualEndOfScans="0" ActualExecutions="1"></RunTimeCountersPerThread><RunTimeCountersPerThread Thread="5" ActualRows="8273664" Batches="9193" ActualExecutionMode="Batch" ActualElapsedms="1826" ActualCPUms="1799" ActualScans="0" ActualLogicalReads="0" ActualPhysicalReads="0" ActualReadAheads="0" ActualLobLogicalReads="0" ActualLobPhysicalReads="0" ActualLobReadAheads="0" ActualEndOfScans="0" ActualExecutions="1"></RunTimeCountersPerThread><RunTimeCountersPerThread Thread="4" ActualRows="8755200" Batches="9728" ActualExecutionMode="Batch" ActualElapsedms="1874" ActualCPUms="1850" ActualScans="0" ActualLogicalReads="0" ActualPhysicalReads="0" ActualReadAheads="0" ActualLobLogicalReads="0" ActualLobPhysicalReads="0" ActualLobReadAheads="0" ActualEndOfScans="0" ActualExecutions="1"></RunTimeCountersPerThread><RunTimeCountersPerThread Thread="3" ActualRows="7967232" Batches="8853" ActualExecutionMode="Batch" ActualElapsedms="1769" ActualCPUms="1748" ActualScans="0" ActualLogicalReads="0" ActualPhysicalReads="0" ActualReadAheads="0" ActualLobLogicalReads="0" ActualLobPhysicalReads="0" ActualLobReadAheads="0" ActualEndOfScans="0" ActualExecutions="1"></RunTimeCountersPerThread><RunTimeCountersPerThread Thread="2" ActualRows="7862784" Batches="8737" ActualExecutionMode="Batch" ActualElapsedms="1817" ActualCPUms="1790" ActualScans="0" ActualLogicalReads="0" ActualPhysicalReads="0" ActualReadAheads="0" ActualLobLogicalReads="0" ActualLobPhysicalReads="0" ActualLobReadAheads="0" ActualEndOfScans="0" ActualExecutions="1"></RunTimeCountersPerThread><RunTimeCountersPerThread Thread="1" ActualRows="9652608" Batches="10726" ActualExecutionMode="Batch" ActualElapsedms="1908" ActualCPUms="1879" ActualScans="0" ActualLogicalReads="0" ActualPhysicalReads="0" ActualReadAheads="0" ActualLobLogicalReads="0" ActualLobPhysicalReads="0" ActualLobReadAheads="0" ActualEndOfScans="0" ActualExecutions="1"></RunTimeCountersPerThread><RunTimeCountersPerThread Thread="0" ActualRows="0" Batches="0" ActualExecutionMode="Row" ActualElapsedms="0" ActualCPUms="0" ActualEndOfScans="0" ActualExecutions="0"></RunTimeCountersPerThread></RunTimeInformation><Hash><DefinedValues></DefinedValues><HashKeysBuild><ColumnReference Database="[order_db_unif]" Schema="[dbo]" Table="[order]" Alias="[ord]" Column="id"></ColumnReference></HashKeysBuild><HashKeysProbe><ColumnReference Database="[order_db_unif]" Schema="[dbo]" Table="[order_details]" Alias="[ord_det]" Column="order_id"></ColumnReference></HashKeysProbe><ProbeResidual><ScalarOperator ScalarString="[order_db_unif].[dbo].[order_details].[order_id] as [ord_det].[order_id]=[order_db_unif].[dbo].[order].[id] as [ord].[id]"><Compare CompareOp="EQ"><ScalarOperator><Identifier><ColumnReference Database="[order_db_unif]" Schema="[dbo]" Table="[order_details]" Alias="[ord_det]" Column="order_id"></ColumnReference></Identifier></ScalarOperator><ScalarOperator><Identifier><ColumnReference Database="[order_db_unif]" Schema="[dbo]" Table="[order]" Alias="[ord]" Column="id"></ColumnReference></Identifier></ScalarOperator></Compare></ScalarOperator></ProbeResidual><RelOp NodeId="8" PhysicalOp="Hash Match" LogicalOp="Inner Join" EstimateRows="2.0018e+07" EstimateIO="0" EstimateCPU="3.67306" AvgRowSize="15" EstimatedTotalSubtreeCost="129.341" Parallel="1" EstimateRebinds="0" EstimateRewinds="0" EstimatedExecutionMode="Batch"><OutputList><ColumnReference Database="[order_db_unif]" Schema="[dbo]" Table="[order]" Alias="[ord]" Column="id"></ColumnReference></OutputList><MemoryFractions Input="0.187404" Output="0.187404"></MemoryFractions><RunTimeInformation><RunTimeCountersPerThread Thread="7" ActualRows="2994304" Batches="3328" ActualExecutionMode="Batch" ActualElapsedms="392" ActualCPUms="382" ActualScans="0" ActualLogicalReads="0" ActualPhysicalReads="0" ActualReadAheads="0" ActualLobLogicalReads="0" ActualLobPhysicalReads="0" ActualLobReadAheads="0" ActualEndOfScans="0" ActualExecutions="1"></RunTimeCountersPerThread><RunTimeCountersPerThread Thread="6" ActualRows="2817920" Batches="3132" ActualExecutionMode="Batch" ActualElapsedms="394" ActualCPUms="389" ActualScans="0" ActualLogicalReads="0" ActualPhysicalReads="0" ActualReadAheads="0" ActualLobLogicalReads="0" ActualLobPhysicalReads="0" ActualLobReadAheads="0" ActualEndOfScans="0" ActualExecutions="1"></RunTimeCountersPerThread><RunTimeCountersPerThread Thread="5" ActualRows="2753152" Batches="3060" ActualExecutionMode="Batch" ActualElapsedms="391" ActualCPUms="380" ActualScans="0" ActualLogicalReads="0" ActualPhysicalReads="0" ActualReadAheads="0" ActualLobLogicalReads="0" ActualLobPhysicalReads="0" ActualLobReadAheads="0" ActualEndOfScans="0" ActualExecutions="1"></RunTimeCountersPerThread><RunTimeCountersPerThread Thread="4" ActualRows="2934016" Batches="3261" ActualExecutionMode="Batch" ActualElapsedms="398" ActualCPUms="387" ActualScans="0" ActualLogicalReads="0" ActualPhysicalReads="0" ActualReadAheads="0" ActualLobLogicalReads="0" ActualLobPhysicalReads="0" ActualLobReadAheads="0" ActualEndOfScans="0" ActualExecutions="1"></RunTimeCountersPerThread><RunTimeCountersPerThread Thread="3" ActualRows="2813440" Batches="3127" ActualExecutionMode="Batch" ActualElapsedms="394" ActualCPUms="387" ActualScans="0" ActualLogicalReads="0" ActualPhysicalReads="0" ActualReadAheads="0" ActualLobLogicalReads="0" ActualLobPhysicalReads="0" ActualLobReadAheads="0" ActualEndOfScans="0" ActualExecutions="1"></RunTimeCountersPerThread><RunTimeCountersPerThread Thread="2" ActualRows="2853632" Batches="3171" ActualExecutionMode="Batch" ActualElapsedms="400" ActualCPUms="391" ActualScans="0" ActualLogicalReads="0" ActualPhysicalReads="0" ActualReadAheads="0" ActualLobLogicalReads="0" ActualLobPhysicalReads="0" ActualLobReadAheads="0" ActualEndOfScans="0" ActualExecutions="1"></RunTimeCountersPerThread><RunTimeCountersPerThread Thread="1" ActualRows="2833536" Batches="3149" ActualExecutionMode="Batch" ActualElapsedms="400" ActualCPUms="389" ActualScans="0" ActualLogicalReads="0" ActualPhysicalReads="0" ActualReadAheads="0" ActualLobLogicalReads="0" ActualLobPhysicalReads="0" ActualLobReadAheads="0" ActualEndOfScans="0" ActualExecutions="1"></RunTimeCountersPerThread><RunTimeCountersPerThread Thread="0" ActualRows="0" Batches="0" ActualExecutionMode="Row" ActualElapsedms="0" ActualCPUms="0" ActualEndOfScans="0" ActualExecutions="0"></RunTimeCountersPerThread></RunTimeInformation><Hash><DefinedValues></DefinedValues><HashKeysBuild><ColumnReference Database="[order_db_unif]" Schema="[dbo]" Table="[customer]" Alias="[cus]" Column="id"></ColumnReference></HashKeysBuild><HashKeysProbe><ColumnReference Database="[order_db_unif]" Schema="[dbo]" Table="[order]" Alias="[ord]" Column="customer_id"></ColumnReference></HashKeysProbe><ProbeResidual><ScalarOperator ScalarString="[order_db_unif].[dbo].[customer].[id] as [cus].[id]=[order_db_unif].[dbo].[order].[customer_id] as [ord].[customer_id]"><Compare CompareOp="EQ"><ScalarOperator><Identifier><ColumnReference Database="[order_db_unif]" Schema="[dbo]" Table="[customer]" Alias="[cus]" Column="id"></ColumnReference></Identifier></ScalarOperator><ScalarOperator><Identifier><ColumnReference Database="[order_db_unif]" Schema="[dbo]" Table="[order]" Alias="[ord]" Column="customer_id"></ColumnReference></Identifier></ScalarOperator></Compare></ScalarOperator></ProbeResidual><RelOp NodeId="9" PhysicalOp="Table Scan" LogicalOp="Table Scan" EstimateRows="5e+06" EstimatedRowsRead="5e+06" EstimateIO="24.5305" EstimateCPU="0.785737" AvgRowSize="15" EstimatedTotalSubtreeCost="25.3163" TableCardinality="5e+06" Parallel="1" EstimateRebinds="0" EstimateRewinds="0" EstimatedExecutionMode="Batch"><OutputList><ColumnReference Database="[order_db_unif]" Schema="[dbo]" Table="[customer]" Alias="[cus]" Column="id"></ColumnReference></OutputList><RunTimeInformation><RunTimeCountersPerThread Thread="7" ActualRows="753792" Batches="838" ActualExecutionMode="Batch" ActualElapsedms="103" ActualCPUms="103" ActualScans="1" ActualLogicalReads="4992" ActualPhysicalReads="0" ActualReadAheads="0" ActualLobLogicalReads="0" ActualLobPhysicalReads="0" ActualLobReadAheads="0" ActualRowsRead="753792" ActualEndOfScans="0" ActualExecutions="1"></RunTimeCountersPerThread><RunTimeCountersPerThread Thread="6" ActualRows="631872" Batches="703" ActualExecutionMode="Batch" ActualElapsedms="99" ActualCPUms="99" ActualScans="1" ActualLogicalReads="4185" ActualPhysicalReads="0" ActualReadAheads="0" ActualLobLogicalReads="0" ActualLobPhysicalReads="0" ActualLobReadAheads="0" ActualRowsRead="631872" ActualEndOfScans="0" ActualExecutions="1"></RunTimeCountersPerThread><RunTimeCountersPerThread Thread="5" ActualRows="734464" Batches="817" ActualExecutionMode="Batch" ActualElapsedms="102" ActualCPUms="101" ActualScans="1" ActualLogicalReads="4864" ActualPhysicalReads="0" ActualReadAheads="0" ActualLobLogicalReads="0" ActualLobPhysicalReads="0" ActualLobReadAheads="0" ActualRowsRead="734464" ActualEndOfScans="0" ActualExecutions="1"></RunTimeCountersPerThread><RunTimeCountersPerThread Thread="4" ActualRows="734464" Batches="817" ActualExecutionMode="Batch" ActualElapsedms="101" ActualCPUms="100" ActualScans="1" ActualLogicalReads="4864" ActualPhysicalReads="0" ActualReadAheads="0" ActualLobLogicalReads="0" ActualLobPhysicalReads="0" ActualLobReadAheads="0" ActualRowsRead="734464" ActualEndOfScans="0" ActualExecutions="1"></RunTimeCountersPerThread><RunTimeCountersPerThread Thread="3" ActualRows="715136" Batches="795" ActualExecutionMode="Batch" ActualElapsedms="100" ActualCPUms="100" ActualScans="1" ActualLogicalReads="4736" ActualPhysicalReads="0" ActualReadAheads="0" ActualLobLogicalReads="0" ActualLobPhysicalReads="0" ActualLobReadAheads="0" ActualRowsRead="715136" ActualEndOfScans="0" ActualExecutions="1"></RunTimeCountersPerThread><RunTimeCountersPerThread Thread="2" ActualRows="695808" Batches="774" ActualExecutionMode="Batch" ActualElapsedms="99" ActualCPUms="98" ActualScans="1" ActualLogicalReads="4608" ActualPhysicalReads="0" ActualReadAheads="0" ActualLobLogicalReads="0" ActualLobPhysicalReads="0" ActualLobReadAheads="0" ActualRowsRead="695808" ActualEndOfScans="0" ActualExecutions="1"></RunTimeCountersPerThread><RunTimeCountersPerThread Thread="1" ActualRows="734464" Batches="817" ActualExecutionMode="Batch" ActualElapsedms="100" ActualCPUms="100" ActualScans="1" ActualLogicalReads="4864" ActualPhysicalReads="0" ActualReadAheads="0" ActualLobLogicalReads="0" ActualLobPhysicalReads="0" ActualLobReadAheads="0" ActualRowsRead="734464" ActualEndOfScans="0" ActualExecutions="1"></RunTimeCountersPerThread><RunTimeCountersPerThread Thread="0" ActualRows="0" Batches="0" ActualExecutionMode="Row" ActualElapsedms="0" ActualCPUms="0" ActualEndOfScans="0" ActualExecutions="0"></RunTimeCountersPerThread></RunTimeInformation><IndexScan Ordered="0" ForcedIndex="0" ForceSeek="0" ForceScan="0" NoExpandHint="0" Storage="RowStore"><DefinedValues><DefinedValue><ColumnReference Database="[order_db_unif]" Schema="[dbo]" Table="[customer]" Alias="[cus]" Column="id"></ColumnReference></DefinedValue></DefinedValues><Object Database="[order_db_unif]" Schema="[dbo]" Table="[customer]" Alias="[cus]" IndexKind="Heap" Storage="RowStore"></Object></IndexScan></RelOp><RelOp NodeId="10" PhysicalOp="Hash Match" LogicalOp="Inner Join" EstimateRows="2e+07" EstimateIO="0" EstimateCPU="2.84092" AvgRowSize="23" EstimatedTotalSubtreeCost="100.352" Parallel="1" EstimateRebinds="0" EstimateRewinds="0" EstimatedExecutionMode="Batch"><OutputList><ColumnReference Database="[order_db_unif]" Schema="[dbo]" Table="[order]" Alias="[ord]" Column="id"></ColumnReference><ColumnReference Database="[order_db_unif]" Schema="[dbo]" Table="[order]" Alias="[ord]" Column="customer_id"></ColumnReference></OutputList><MemoryFractions Input="1.41816e-05" Output="1.41816e-05"></MemoryFractions><RunTimeInformation><RunTimeCountersPerThread Thread="7" ActualRows="2994304" Batches="3328" ActualExecutionMode="Batch" ActualElapsedms="36" ActualCPUms="20" ActualScans="0" ActualLogicalReads="0" ActualPhysicalReads="0" ActualReadAheads="0" ActualLobLogicalReads="0" ActualLobPhysicalReads="0" ActualLobReadAheads="0" ActualEndOfScans="0" ActualExecutions="1"></RunTimeCountersPerThread><RunTimeCountersPerThread Thread="6" ActualRows="2817920" Batches="3132" ActualExecutionMode="Batch" ActualElapsedms="41" ActualCPUms="20" ActualScans="0" ActualLogicalReads="0" ActualPhysicalReads="0" ActualReadAheads="0" ActualLobLogicalReads="0" ActualLobPhysicalReads="0" ActualLobReadAheads="0" ActualEndOfScans="0" ActualExecutions="1"></RunTimeCountersPerThread><RunTimeCountersPerThread Thread="5" ActualRows="2753152" Batches="3060" ActualExecutionMode="Batch" ActualElapsedms="25" ActualCPUms="20" ActualScans="0" ActualLogicalReads="0" ActualPhysicalReads="0" ActualReadAheads="0" ActualLobLogicalReads="0" ActualLobPhysicalReads="0" ActualLobReadAheads="0" ActualEndOfScans="0" ActualExecutions="1"></RunTimeCountersPerThread><RunTimeCountersPerThread Thread="4" ActualRows="2934016" Batches="3261" ActualExecutionMode="Batch" ActualElapsedms="31" ActualCPUms="20" ActualScans="0" ActualLogicalReads="0" ActualPhysicalReads="0" ActualReadAheads="0" ActualLobLogicalReads="0" ActualLobPhysicalReads="0" ActualLobReadAheads="0" ActualEndOfScans="0" ActualExecutions="1"></RunTimeCountersPerThread><RunTimeCountersPerThread Thread="3" ActualRows="2813440" Batches="3127" ActualExecutionMode="Batch" ActualElapsedms="22" ActualCPUms="20" ActualScans="0" ActualLogicalReads="0" ActualPhysicalReads="0" ActualReadAheads="0" ActualLobLogicalReads="0" ActualLobPhysicalReads="0" ActualLobReadAheads="0" ActualEndOfScans="0" ActualExecutions="1"></RunTimeCountersPerThread><RunTimeCountersPerThread Thread="2" ActualRows="2853632" Batches="3171" ActualExecutionMode="Batch" ActualElapsedms="24" ActualCPUms="20" ActualScans="0" ActualLogicalReads="0" ActualPhysicalReads="0" ActualReadAheads="0" ActualLobLogicalReads="0" ActualLobPhysicalReads="0" ActualLobReadAheads="0" ActualEndOfScans="0" ActualExecutions="1"></RunTimeCountersPerThread><RunTimeCountersPerThread Thread="1" ActualRows="2833536" Batches="3149" ActualExecutionMode="Batch" ActualElapsedms="24" ActualCPUms="20" ActualScans="0" ActualLogicalReads="0" ActualPhysicalReads="0" ActualReadAheads="0" ActualLobLogicalReads="0" ActualLobPhysicalReads="0" ActualLobReadAheads="0" ActualEndOfScans="0" ActualExecutions="1"></RunTimeCountersPerThread><RunTimeCountersPerThread Thread="0" ActualRows="0" Batches="0" ActualExecutionMode="Row" ActualElapsedms="0" ActualCPUms="0" ActualEndOfScans="0" ActualExecutions="0"></RunTimeCountersPerThread></RunTimeInformation><Hash><DefinedValues></DefinedValues><HashKeysBuild><ColumnReference Database="[order_db_unif]" Schema="[dbo]" Table="[deliverer]" Alias="[del]" Column="id"></ColumnReference></HashKeysBuild><HashKeysProbe><ColumnReference Database="[order_db_unif]" Schema="[dbo]" Table="[order]" Alias="[ord]" Column="deliverer_id"></ColumnReference></HashKeysProbe><ProbeResidual><ScalarOperator ScalarString="[order_db_unif].[dbo].[order].[deliverer_id] as [ord].[deliverer_id]=[order_db_unif].[dbo].[deliverer].[id] as [del].[id]"><Compare CompareOp="EQ"><ScalarOperator><Identifier><ColumnReference Database="[order_db_unif]" Schema="[dbo]" Table="[order]" Alias="[ord]" Column="deliverer_id"></ColumnReference></Identifier></ScalarOperator><ScalarOperator><Identifier><ColumnReference Database="[order_db_unif]" Schema="[dbo]" Table="[deliverer]" Alias="[del]" Column="id"></ColumnReference></Identifier></ScalarOperator></Compare></ScalarOperator></ProbeResidual><RelOp NodeId="11" PhysicalOp="Table Scan" LogicalOp="Table Scan" EstimateRows="4" EstimatedRowsRead="4" EstimateIO="0.003125" EstimateCPU="2.30571e-05" AvgRowSize="15" EstimatedTotalSubtreeCost="0.00314806" TableCardinality="4" Parallel="1" EstimateRebinds="0" EstimateRewinds="0" EstimatedExecutionMode="Batch"><OutputList><ColumnReference Database="[order_db_unif]" Schema="[dbo]" Table="[deliverer]" Alias="[del]" Column="id"></ColumnReference></OutputList><RunTimeInformation><RunTimeCountersPerThread Thread="7" ActualRows="0" Batches="0" ActualExecutionMode="Batch" ActualElapsedms="0" ActualCPUms="0" ActualScans="0" ActualLogicalReads="0" ActualPhysicalReads="0" ActualReadAheads="0" ActualLobLogicalReads="0" ActualLobPhysicalReads="0" ActualLobReadAheads="0" ActualEndOfScans="0" ActualExecutions="1"></RunTimeCountersPerThread><RunTimeCountersPerThread Thread="6" ActualRows="0" Batches="0" ActualExecutionMode="Batch" ActualElapsedms="0" ActualCPUms="0" ActualScans="1" ActualLogicalReads="0" ActualPhysicalReads="0" ActualReadAheads="0" ActualLobLogicalReads="0" ActualLobPhysicalReads="0" ActualLobReadAheads="0" ActualEndOfScans="0" ActualExecutions="1"></RunTimeCountersPerThread><RunTimeCountersPerThread Thread="5" ActualRows="0" Batches="0" ActualExecutionMode="Batch" ActualElapsedms="0" ActualCPUms="0" ActualScans="1" ActualLogicalReads="0" ActualPhysicalReads="0" ActualReadAheads="0" ActualLobLogicalReads="0" ActualLobPhysicalReads="0" ActualLobReadAheads="0" ActualEndOfScans="0" ActualExecutions="1"></RunTimeCountersPerThread><RunTimeCountersPerThread Thread="4" ActualRows="0" Batches="0" ActualExecutionMode="Batch" ActualElapsedms="0" ActualCPUms="0" ActualScans="1" ActualLogicalReads="0" ActualPhysicalReads="0" ActualReadAheads="0" ActualLobLogicalReads="0" ActualLobPhysicalReads="0" ActualLobReadAheads="0" ActualEndOfScans="0" ActualExecutions="1"></RunTimeCountersPerThread><RunTimeCountersPerThread Thread="3" ActualRows="4" Batches="1" ActualExecutionMode="Batch" ActualElapsedms="0" ActualCPUms="0" ActualScans="1" ActualLogicalReads="1" ActualPhysicalReads="0" ActualReadAheads="0" ActualLobLogicalReads="0" ActualLobPhysicalReads="0" ActualLobReadAheads="0" ActualRowsRead="4" ActualEndOfScans="0" ActualExecutions="1"></RunTimeCountersPerThread><RunTimeCountersPerThread Thread="2" ActualRows="0" Batches="0" ActualExecutionMode="Batch" ActualElapsedms="0" ActualCPUms="0" ActualScans="0" ActualLogicalReads="0" ActualPhysicalReads="0" ActualReadAheads="0" ActualLobLogicalReads="0" ActualLobPhysicalReads="0" ActualLobReadAheads="0" ActualEndOfScans="0" ActualExecutions="1"></RunTimeCountersPerThread><RunTimeCountersPerThread Thread="1" ActualRows="0" Batches="0" ActualExecutionMode="Batch" ActualElapsedms="0" ActualCPUms="0" ActualScans="1" ActualLogicalReads="0" ActualPhysicalReads="0" ActualReadAheads="0" ActualLobLogicalReads="0" ActualLobPhysicalReads="0" ActualLobReadAheads="0" ActualEndOfScans="0" ActualExecutions="1"></RunTimeCountersPerThread><RunTimeCountersPerThread Thread="0" ActualRows="0" Batches="0" ActualExecutionMode="Row" ActualElapsedms="0" ActualCPUms="0" ActualEndOfScans="0" ActualExecutions="0"></RunTimeCountersPerThread></RunTimeInformation><IndexScan Ordered="0" ForcedIndex="0" ForceSeek="0" ForceScan="0" NoExpandHint="0" Storage="RowStore"><DefinedValues><DefinedValue><ColumnReference Database="[order_db_unif]" Schema="[dbo]" Table="[deliverer]" Alias="[del]" Column="id"></ColumnReference></DefinedValue></DefinedValues><Object Database="[order_db_unif]" Schema="[dbo]" Table="[deliverer]" Alias="[del]" IndexKind="Heap" Storage="RowStore"></Object></IndexScan></RelOp><RelOp NodeId="12" PhysicalOp="Table Scan" LogicalOp="Table Scan" EstimateRows="2e+07" EstimatedRowsRead="2e+07" EstimateIO="94.3646" EstimateCPU="3.14288" AvgRowSize="31" EstimatedTotalSubtreeCost="97.5075" TableCardinality="2e+07" Parallel="1" EstimateRebinds="0" EstimateRewinds="0" EstimatedExecutionMode="Batch"><OutputList><ColumnReference Database="[order_db_unif]" Schema="[dbo]" Table="[order]" Alias="[ord]" Column="id"></ColumnReference><ColumnReference Database="[order_db_unif]" Schema="[dbo]" Table="[order]" Alias="[ord]" Column="customer_id"></ColumnReference><ColumnReference Database="[order_db_unif]" Schema="[dbo]" Table="[order]" Alias="[ord]" Column="deliverer_id"></ColumnReference></OutputList><RunTimeInformation><RunTimeCountersPerThread Thread="7" ActualRows="2994304" Batches="3328" ActualExecutionMode="Batch" ActualElapsedms="514" ActualCPUms="512" ActualScans="1" ActualLogicalReads="19072" ActualPhysicalReads="0" ActualReadAheads="0" ActualLobLogicalReads="0" ActualLobPhysicalReads="0" ActualLobReadAheads="0" ActualRowsRead="2994304" ActualEndOfScans="0" ActualExecutions="1"></RunTimeCountersPerThread><RunTimeCountersPerThread Thread="6" ActualRows="2817920" Batches="3132" ActualExecutionMode="Batch" ActualElapsedms="509" ActualCPUms="507" ActualScans="1" ActualLogicalReads="17949" ActualPhysicalReads="0" ActualReadAheads="0" ActualLobLogicalReads="0" ActualLobPhysicalReads="0" ActualLobReadAheads="0" ActualRowsRead="2817920" ActualEndOfScans="0" ActualExecutions="1"></RunTimeCountersPerThread><RunTimeCountersPerThread Thread="5" ActualRows="2753152" Batches="3060" ActualExecutionMode="Batch" ActualElapsedms="521" ActualCPUms="519" ActualScans="1" ActualLogicalReads="17536" ActualPhysicalReads="0" ActualReadAheads="0" ActualLobLogicalReads="0" ActualLobPhysicalReads="0" ActualLobReadAheads="0" ActualRowsRead="2753152" ActualEndOfScans="0" ActualExecutions="1"></RunTimeCountersPerThread><RunTimeCountersPerThread Thread="4" ActualRows="2934016" Batches="3261" ActualExecutionMode="Batch" ActualElapsedms="510" ActualCPUms="508" ActualScans="1" ActualLogicalReads="18688" ActualPhysicalReads="0" ActualReadAheads="0" ActualLobLogicalReads="0" ActualLobPhysicalReads="0" ActualLobReadAheads="0" ActualRowsRead="2934016" ActualEndOfScans="0" ActualExecutions="1"></RunTimeCountersPerThread><RunTimeCountersPerThread Thread="3" ActualRows="2813440" Batches="3127" ActualExecutionMode="Batch" ActualElapsedms="520" ActualCPUms="517" ActualScans="1" ActualLogicalReads="17920" ActualPhysicalReads="0" ActualReadAheads="0" ActualLobLogicalReads="0" ActualLobPhysicalReads="0" ActualLobReadAheads="0" ActualRowsRead="2813440" ActualEndOfScans="0" ActualExecutions="1"></RunTimeCountersPerThread><RunTimeCountersPerThread Thread="2" ActualRows="2853632" Batches="3171" ActualExecutionMode="Batch" ActualElapsedms="516" ActualCPUms="514" ActualScans="1" ActualLogicalReads="18176" ActualPhysicalReads="0" ActualReadAheads="0" ActualLobLogicalReads="0" ActualLobPhysicalReads="0" ActualLobReadAheads="0" ActualRowsRead="2853632" ActualEndOfScans="0" ActualExecutions="1"></RunTimeCountersPerThread><RunTimeCountersPerThread Thread="1" ActualRows="2833536" Batches="3149" ActualExecutionMode="Batch" ActualElapsedms="515" ActualCPUms="514" ActualScans="1" ActualLogicalReads="18048" ActualPhysicalReads="0" ActualReadAheads="0" ActualLobLogicalReads="0" ActualLobPhysicalReads="0" ActualLobReadAheads="0" ActualRowsRead="2833536" ActualEndOfScans="0" ActualExecutions="1"></RunTimeCountersPerThread><RunTimeCountersPerThread Thread="0" ActualRows="0" Batches="0" ActualExecutionMode="Row" ActualElapsedms="0" ActualCPUms="0" ActualEndOfScans="0" ActualExecutions="0"></RunTimeCountersPerThread></RunTimeInformation><IndexScan Ordered="0" ForcedIndex="0" ForceSeek="0" ForceScan="0" NoExpandHint="0" Storage="RowStore"><DefinedValues><DefinedValue><ColumnReference Database="[order_db_unif]" Schema="[dbo]" Table="[order]" Alias="[ord]" Column="id"></ColumnReference></DefinedValue><DefinedValue><ColumnReference Database="[order_db_unif]" Schema="[dbo]" Table="[order]" Alias="[ord]" Column="customer_id"></ColumnReference></DefinedValue><DefinedValue><ColumnReference Database="[order_db_unif]" Schema="[dbo]" Table="[order]" Alias="[ord]" Column="deliverer_id"></ColumnReference></DefinedValue></DefinedValues><Object Database="[order_db_unif]" Schema="[dbo]" Table="[order]" Alias="[ord]" IndexKind="Heap" Storage="RowStore"></Object></IndexScan></RelOp></Hash></RelOp></Hash></RelOp><RelOp NodeId="13" PhysicalOp="Table Scan" LogicalOp="Table Scan" EstimateRows="6e+07" EstimatedRowsRead="6e+07" EstimateIO="259.912" EstimateCPU="9.42859" AvgRowSize="23" EstimatedTotalSubtreeCost="269.341" TableCardinality="6e+07" Parallel="1" EstimateRebinds="0" EstimateRewinds="0" EstimatedExecutionMode="Batch"><OutputList><ColumnReference Database="[order_db_unif]" Schema="[dbo]" Table="[order_details]" Alias="[ord_det]" Column="order_id"></ColumnReference><ColumnReference Database="[order_db_unif]" Schema="[dbo]" Table="[order_details]" Alias="[ord_det]" Column="product_id"></ColumnReference></OutputList><RunTimeInformation><RunTimeCountersPerThread Thread="7" ActualRows="8295552" Batches="9218" ActualExecutionMode="Batch" ActualElapsedms="1270" ActualCPUms="1266" ActualScans="1" ActualLogicalReads="48512" ActualPhysicalReads="0" ActualReadAheads="0" ActualLobLogicalReads="0" ActualLobPhysicalReads="0" ActualLobReadAheads="0" ActualRowsRead="8295552" ActualEndOfScans="0" ActualExecutions="1"></RunTimeCountersPerThread><RunTimeCountersPerThread Thread="6" ActualRows="9192960" Batches="10215" ActualExecutionMode="Batch" ActualElapsedms="1310" ActualCPUms="1306" ActualScans="1" ActualLogicalReads="53760" ActualPhysicalReads="0" ActualReadAheads="0" ActualLobLogicalReads="0" ActualLobPhysicalReads="0" ActualLobReadAheads="0" ActualRowsRead="9192960" ActualEndOfScans="0" ActualExecutions="1"></RunTimeCountersPerThread><RunTimeCountersPerThread Thread="5" ActualRows="8273664" Batches="9193" ActualExecutionMode="Batch" ActualElapsedms="1291" ActualCPUms="1285" ActualScans="1" ActualLogicalReads="48384" ActualPhysicalReads="0" ActualReadAheads="0" ActualLobLogicalReads="0" ActualLobPhysicalReads="0" ActualLobReadAheads="0" ActualRowsRead="8273664" ActualEndOfScans="0" ActualExecutions="1"></RunTimeCountersPerThread><RunTimeCountersPerThread Thread="4" ActualRows="8755200" Batches="9728" ActualExecutionMode="Batch" ActualElapsedms="1315" ActualCPUms="1309" ActualScans="1" ActualLogicalReads="51200" ActualPhysicalReads="0" ActualReadAheads="0" ActualLobLogicalReads="0" ActualLobPhysicalReads="0" ActualLobReadAheads="0" ActualRowsRead="8755200" ActualEndOfScans="0" ActualExecutions="1"></RunTimeCountersPerThread><RunTimeCountersPerThread Thread="3" ActualRows="7967232" Batches="8853" ActualExecutionMode="Batch" ActualElapsedms="1225" ActualCPUms="1220" ActualScans="1" ActualLogicalReads="46592" ActualPhysicalReads="0" ActualReadAheads="0" ActualLobLogicalReads="0" ActualLobPhysicalReads="0" ActualLobReadAheads="0" ActualRowsRead="7967232" ActualEndOfScans="0" ActualExecutions="1"></RunTimeCountersPerThread><RunTimeCountersPerThread Thread="2" ActualRows="7862784" Batches="8737" ActualExecutionMode="Batch" ActualElapsedms="1258" ActualCPUms="1254" ActualScans="1" ActualLogicalReads="45982" ActualPhysicalReads="0" ActualReadAheads="0" ActualLobLogicalReads="0" ActualLobPhysicalReads="0" ActualLobReadAheads="0" ActualRowsRead="7862784" ActualEndOfScans="0" ActualExecutions="1"></RunTimeCountersPerThread><RunTimeCountersPerThread Thread="1" ActualRows="9652608" Batches="10726" ActualExecutionMode="Batch" ActualElapsedms="1337" ActualCPUms="1333" ActualScans="1" ActualLogicalReads="56448" ActualPhysicalReads="0" ActualReadAheads="0" ActualLobLogicalReads="0" ActualLobPhysicalReads="0" ActualLobReadAheads="0" ActualRowsRead="9652608" ActualEndOfScans="0" ActualExecutions="1"></RunTimeCountersPerThread><RunTimeCountersPerThread Thread="0" ActualRows="0" Batches="0" ActualExecutionMode="Row" ActualElapsedms="0" ActualCPUms="0" ActualEndOfScans="0" ActualExecutions="0"></RunTimeCountersPerThread></RunTimeInformation><IndexScan Ordered="0" ForcedIndex="0" ForceSeek="0" ForceScan="0" NoExpandHint="0" Storage="RowStore"><DefinedValues><DefinedValue><ColumnReference Database="[order_db_unif]" Schema="[dbo]" Table="[order_details]" Alias="[ord_det]" Column="order_id"></ColumnReference></DefinedValue><DefinedValue><ColumnReference Database="[order_db_unif]" Schema="[dbo]" Table="[order_details]" Alias="[ord_det]" Column="product_id"></ColumnReference></DefinedValue></DefinedValues><Object Database="[order_db_unif]" Schema="[dbo]" Table="[order_details]" Alias="[ord_det]" IndexKind="Heap" Storage="RowStore"></Object></IndexScan></RelOp></Hash></RelOp></Hash></RelOp></Hash></RelOp></Hash></RelOp></ComputeScalar></RelOp></Parallelism></RelOp></QueryPlan></StmtSimple></Statements></Batch></BatchSequence></ShowPlanXML>