<ShowPlanXML xmlns="http://schemas.microsoft.com/sqlserver/2004/07/showplan" Version="1.539" Build="15.0.2000.5"><BatchSequence><Batch><Statements><StmtSimple StatementText="SELECT count(*) FROM deliverer as del&#xd;&#xa;JOIN [order] as ord&#xd;&#xa;ON ord.deliverer_id = del.id&#xd;&#xa;JOIN customer as cus&#xd;&#xa;ON cus.id = ord.customer_id&#xd;&#xa;JOIN order_details as ord_det&#xd;&#xa;ON ord_det.order_id = ord.id&#xd;&#xa;JOIN product as prod&#xd;&#xa;ON prod.id = ord_det.product_id&#xd;&#xa;OPTION(FORCE ORDER)" StatementId="1" StatementCompId="2" StatementType="SELECT" RetrievedFromCache="true" StatementSubTreeCost="435.181" StatementEstRows="1" SecurityPolicyApplied="false" StatementOptmLevel="FULL" QueryHash="0xE0BAEACB9AE70206" QueryPlanHash="0x66C6A553FC2A7971" CardinalityEstimationModelVersion="150" BatchModeOnRowStoreUsed="true"><StatementSetOptions QUOTED_IDENTIFIER="true" ARITHABORT="true" CONCAT_NULL_YIELDS_NULL="true" ANSI_NULLS="true" ANSI_PADDING="true" ANSI_WARNINGS="true" NUMERIC_ROUNDABORT="false"></StatementSetOptions><QueryPlan DegreeOfParallelism="7" MemoryGrant="12256504" CachedPlanSize="136" CompileTime="23" CompileCPU="23" CompileMemory="912"><ThreadStat Branches="1" UsedThreads="7"><ThreadReservation NodeId="0" ReservedThreads="8"></ThreadReservation></ThreadStat><MissingIndexes><MissingIndexGroup Impact="19.1934"><MissingIndex Database="[order_db_unif]" Schema="[dbo]" Table="[order]"><ColumnGroup Usage="EQUALITY"><Column Name="[deliverer_id]" ColumnId="4"></Column></ColumnGroup><ColumnGroup Usage="INCLUDE"><Column Name="[id]" ColumnId="1"></Column><Column Name="[customer_id]" ColumnId="2"></Column></ColumnGroup></MissingIndex></MissingIndexGroup><MissingIndexGroup Impact="64.6136"><MissingIndex Database="[order_db_unif]" Schema="[dbo]" Table="[order_details]"><ColumnGroup Usage="EQUALITY"><Column Name="[order_id]" ColumnId="2"></Column></ColumnGroup><ColumnGroup Usage="INCLUDE"><Column Name="[product_id]" ColumnId="3"></Column></ColumnGroup></MissingIndex></MissingIndexGroup></MissingIndexes><MemoryGrantInfo SerialRequiredMemory="7168" SerialDesiredMemory="12213328" RequiredMemory="50296" DesiredMemory="12256504" RequestedMemory="12256504" GrantWaitTime="0" MaxQueryMemory="21346240" GrantedMemory="12256504" MaxUsedMemory="1851392" LastRequestedMemory="0" IsMemoryGrantFeedbackAdjusted="No: First Execution"></MemoryGrantInfo><OptimizerHardwareDependentProperties EstimatedAvailableMemoryGrant="629142" EstimatedPagesCached="786428" EstimatedAvailableDegreeOfParallelism="7" MaxCompileMemory="86009904"></OptimizerHardwareDependentProperties><OptimizerStatsUsage><StatisticsInfo LastUpdate="2021-03-17T10:30:09.18" ModificationCount="0" SamplingPercent="100" Statistics="[_WA_Sys_00000001_24927208]" Table="[deliverer]" Schema="[dbo]" Database="[order_db_unif]"></StatisticsInfo><StatisticsInfo LastUpdate="2021-03-17T10:28:43.80" ModificationCount="0" SamplingPercent="0.75388" Statistics="[_WA_Sys_00000003_276EDEB3]" Table="[order_details]" Schema="[dbo]" Database="[order_db_unif]"></StatisticsInfo><StatisticsInfo LastUpdate="2021-03-17T10:28:43.49" ModificationCount="0" SamplingPercent="0.75388" Statistics="[_WA_Sys_00000002_276EDEB3]" Table="[order_details]" Schema="[dbo]" Database="[order_db_unif]"></StatisticsInfo><StatisticsInfo LastUpdate="2021-03-17T10:36:54.76" ModificationCount="0" SamplingPercent="1.57942" Statistics="[_WA_Sys_00000002_267ABA7A]" Table="[order]" Schema="[dbo]" Database="[order_db_unif]"></StatisticsInfo><StatisticsInfo LastUpdate="2021-03-17T10:30:09.36" ModificationCount="0" SamplingPercent="1.57942" Statistics="[_WA_Sys_00000004_267ABA7A]" Table="[order]" Schema="[dbo]" Database="[order_db_unif]"></StatisticsInfo><StatisticsInfo LastUpdate="2021-03-17T10:28:43.13" ModificationCount="0" SamplingPercent="1.57942" Statistics="[_WA_Sys_00000001_267ABA7A]" Table="[order]" Schema="[dbo]" Database="[order_db_unif]"></StatisticsInfo><StatisticsInfo LastUpdate="2021-03-17T10:28:43.94" ModificationCount="0" SamplingPercent="14.831" Statistics="[_WA_Sys_00000002_286302EC]" Table="[product]" Schema="[dbo]" Database="[order_db_unif]"></StatisticsInfo><StatisticsInfo LastUpdate="2021-03-17T10:36:54.95" ModificationCount="0" SamplingPercent="4.67798" Statistics="[_WA_Sys_00000001_239E4DCF]" Table="[customer]" Schema="[dbo]" Database="[order_db_unif]"></StatisticsInfo></OptimizerStatsUsage><WaitStats><Wait WaitType="RESERVED_MEMORY_ALLOCATION_EXT" WaitTimeMs="2523" WaitCount="147030"></Wait><Wait WaitType="HTDELETE" WaitTimeMs="280" WaitCount="60"></Wait><Wait WaitType="CMEMTHREAD" WaitTimeMs="59" WaitCount="1372"></Wait><Wait WaitType="SOS_SCHEDULER_YIELD" WaitTimeMs="58" WaitCount="10763"></Wait><Wait WaitType="HTBUILD" WaitTimeMs="32" WaitCount="60"></Wait><Wait WaitType="LATCH_EX" WaitTimeMs="28" WaitCount="71"></Wait><Wait WaitType="EXECSYNC" WaitTimeMs="13" WaitCount="100"></Wait><Wait WaitType="CXPACKET" WaitTimeMs="10" WaitCount="8"></Wait><Wait WaitType="HTREPARTITION" WaitTimeMs="6" WaitCount="48"></Wait><Wait WaitType="MEMORY_ALLOCATION_EXT" WaitTimeMs="6" WaitCount="1051"></Wait></WaitStats><QueryTimeStats ElapsedTime="6442" CpuTime="44667"></QueryTimeStats><RelOp NodeId="0" PhysicalOp="Parallelism" LogicalOp="Gather Streams" EstimateRows="1" EstimateIO="0" EstimateCPU="0.0285019" AvgRowSize="11" EstimatedTotalSubtreeCost="435.181" Parallel="1" EstimateRebinds="0" EstimateRewinds="0" EstimatedExecutionMode="Row"><OutputList><ColumnReference Column="Expr1010"></ColumnReference></OutputList><RunTimeInformation><RunTimeCountersPerThread Thread="0" ActualRows="1" Batches="0" ActualExecutionMode="Row" ActualElapsedms="6441" ActualCPUms="0" ActualEndOfScans="1" ActualExecutions="1"></RunTimeCountersPerThread></RunTimeInformation><Parallelism><RelOp NodeId="1" PhysicalOp="Compute Scalar" LogicalOp="Compute Scalar" EstimateRows="1" EstimateIO="0" EstimateCPU="0" AvgRowSize="11" EstimatedTotalSubtreeCost="435.152" Parallel="1" EstimateRebinds="0" EstimateRewinds="0" EstimatedExecutionMode="Batch"><OutputList><ColumnReference Column="Expr1010"></ColumnReference></OutputList><RunTimeInformation><RunTimeCountersPerThread Thread="7" ActualRows="0" Batches="0" ActualExecutionMode="Batch" ActualElapsedms="0" ActualCPUms="0" ActualScans="0" ActualLogicalReads="0" ActualPhysicalReads="0" ActualReadAheads="0" ActualLobLogicalReads="0" ActualLobPhysicalReads="0" ActualLobReadAheads="0" ActualEndOfScans="0" ActualExecutions="1"></RunTimeCountersPerThread><RunTimeCountersPerThread Thread="6" ActualRows="1" Batches="1" ActualExecutionMode="Batch" ActualElapsedms="0" ActualCPUms="0" ActualScans="0" ActualLogicalReads="0" ActualPhysicalReads="0" ActualReadAheads="0" ActualLobLogicalReads="0" ActualLobPhysicalReads="0" ActualLobReadAheads="0" ActualEndOfScans="0" ActualExecutions="1"></RunTimeCountersPerThread><RunTimeCountersPerThread Thread="5" ActualRows="0" Batches="0" ActualExecutionMode="Batch" ActualElapsedms="0" ActualCPUms="0" ActualScans="0" ActualLogicalReads="0" ActualPhysicalReads="0" ActualReadAheads="0" ActualLobLogicalReads="0" ActualLobPhysicalReads="0" ActualLobReadAheads="0" ActualEndOfScans="0" ActualExecutions="1"></RunTimeCountersPerThread><RunTimeCountersPerThread Thread="4" ActualRows="0" Batches="0" ActualExecutionMode="Batch" ActualElapsedms="0" ActualCPUms="0" ActualScans="0" ActualLogicalReads="0" ActualPhysicalReads="0" ActualReadAheads="0" ActualLobLogicalReads="0" ActualLobPhysicalReads="0" ActualLobReadAheads="0" ActualEndOfScans="0" ActualExecutions="1"></RunTimeCountersPerThread><RunTimeCountersPerThread Thread="3" ActualRows="0" Batches="0" ActualExecutionMode="Batch" ActualElapsedms="0" ActualCPUms="0" ActualScans="0" ActualLogicalReads="0" ActualPhysicalReads="0" ActualReadAheads="0" ActualLobLogicalReads="0" ActualLobPhysicalReads="0" ActualLobReadAheads="0" ActualEndOfScans="0" ActualExecutions="1"></RunTimeCountersPerThread><RunTimeCountersPerThread Thread="2" ActualRows="0" Batches="0" ActualExecutionMode="Batch" ActualElapsedms="0" ActualCPUms="0" ActualScans="0" ActualLogicalReads="0" ActualPhysicalReads="0" ActualReadAheads="0" ActualLobLogicalReads="0" ActualLobPhysicalReads="0" ActualLobReadAheads="0" ActualEndOfScans="0" ActualExecutions="1"></RunTimeCountersPerThread><RunTimeCountersPerThread Thread="1" ActualRows="0" Batches="0" ActualExecutionMode="Batch" ActualElapsedms="0" ActualCPUms="0" ActualScans="0" ActualLogicalReads="0" ActualPhysicalReads="0" ActualReadAheads="0" ActualLobLogicalReads="0" ActualLobPhysicalReads="0" ActualLobReadAheads="0" ActualEndOfScans="0" ActualExecutions="1"></RunTimeCountersPerThread><RunTimeCountersPerThread Thread="0" ActualRows="0" Batches="0" ActualExecutionMode="Row" ActualElapsedms="0" ActualCPUms="0" ActualEndOfScans="0" ActualExecutions="0"></RunTimeCountersPerThread></RunTimeInformation><ComputeScalar><DefinedValues><DefinedValue><ColumnReference Column="Expr1010"></ColumnReference><ScalarOperator ScalarString="CONVERT_IMPLICIT(int,[Expr1013],0)"><Convert DataType="int" Style="0" Implicit="1"><ScalarOperator><Identifier><ColumnReference Column="Expr1013"></ColumnReference></Identifier></ScalarOperator></Convert></ScalarOperator></DefinedValue></DefinedValues><RelOp NodeId="2" PhysicalOp="Hash Match" LogicalOp="Aggregate" EstimateRows="1" EstimateIO="0" EstimateCPU="0.602555" AvgRowSize="11" EstimatedTotalSubtreeCost="435.152" Parallel="1" EstimateRebinds="0" EstimateRewinds="0" EstimatedExecutionMode="Batch"><OutputList><ColumnReference Column="Expr1013"></ColumnReference></OutputList><MemoryFractions Input="1" Output="1"></MemoryFractions><RunTimeInformation><RunTimeCountersPerThread Thread="7" ActualRows="0" Batches="0" ActualExecutionMode="Batch" ActualElapsedms="11" ActualCPUms="7" ActualScans="0" ActualLogicalReads="0" ActualPhysicalReads="0" ActualReadAheads="0" ActualLobLogicalReads="0" ActualLobPhysicalReads="0" ActualLobReadAheads="0" ActualEndOfScans="0" ActualExecutions="1"></RunTimeCountersPerThread><RunTimeCountersPerThread Thread="6" ActualRows="1" Batches="1" ActualExecutionMode="Batch" ActualElapsedms="13" ActualCPUms="9" ActualScans="0" ActualLogicalReads="0" ActualPhysicalReads="0" ActualReadAheads="0" ActualLobLogicalReads="0" ActualLobPhysicalReads="0" ActualLobReadAheads="0" ActualEndOfScans="0" ActualExecutions="1"></RunTimeCountersPerThread><RunTimeCountersPerThread Thread="5" ActualRows="0" Batches="0" ActualExecutionMode="Batch" ActualElapsedms="12" ActualCPUms="8" ActualScans="0" ActualLogicalReads="0" ActualPhysicalReads="0" ActualReadAheads="0" ActualLobLogicalReads="0" ActualLobPhysicalReads="0" ActualLobReadAheads="0" ActualEndOfScans="0" ActualExecutions="1"></RunTimeCountersPerThread><RunTimeCountersPerThread Thread="4" ActualRows="0" Batches="0" ActualExecutionMode="Batch" ActualElapsedms="11" ActualCPUms="7" ActualScans="0" ActualLogicalReads="0" ActualPhysicalReads="0" ActualReadAheads="0" ActualLobLogicalReads="0" ActualLobPhysicalReads="0" ActualLobReadAheads="0" ActualEndOfScans="0" ActualExecutions="1"></RunTimeCountersPerThread><RunTimeCountersPerThread Thread="3" ActualRows="0" Batches="0" ActualExecutionMode="Batch" ActualElapsedms="11" ActualCPUms="7" ActualScans="0" ActualLogicalReads="0" ActualPhysicalReads="0" ActualReadAheads="0" ActualLobLogicalReads="0" ActualLobPhysicalReads="0" ActualLobReadAheads="0" ActualEndOfScans="0" ActualExecutions="1"></RunTimeCountersPerThread><RunTimeCountersPerThread Thread="2" ActualRows="0" Batches="0" ActualExecutionMode="Batch" ActualElapsedms="13" ActualCPUms="9" ActualScans="0" ActualLogicalReads="0" ActualPhysicalReads="0" ActualReadAheads="0" ActualLobLogicalReads="0" ActualLobPhysicalReads="0" ActualLobReadAheads="0" ActualEndOfScans="0" ActualExecutions="1"></RunTimeCountersPerThread><RunTimeCountersPerThread Thread="1" ActualRows="0" Batches="0" ActualExecutionMode="Batch" ActualElapsedms="11" ActualCPUms="7" ActualScans="0" ActualLogicalReads="0" ActualPhysicalReads="0" ActualReadAheads="0" ActualLobLogicalReads="0" ActualLobPhysicalReads="0" ActualLobReadAheads="0" ActualEndOfScans="0" ActualExecutions="1"></RunTimeCountersPerThread><RunTimeCountersPerThread Thread="0" ActualRows="0" Batches="0" ActualExecutionMode="Row" ActualElapsedms="0" ActualCPUms="0" ActualEndOfScans="0" ActualExecutions="0"></RunTimeCountersPerThread></RunTimeInformation><Hash><DefinedValues><DefinedValue><ColumnReference Column="Expr1013"></ColumnReference><ScalarOperator ScalarString="COUNT(*)"><Aggregate Distinct="0" AggType="COUNT*"></Aggregate></ScalarOperator></DefinedValue></DefinedValues><HashKeysBuild></HashKeysBuild><RelOp NodeId="3" PhysicalOp="Hash Match" LogicalOp="Inner Join" EstimateRows="6.0078e+07" EstimateIO="0" EstimateCPU="14.7944" AvgRowSize="9" EstimatedTotalSubtreeCost="434.55" Parallel="1" EstimateRebinds="0" EstimateRewinds="0" EstimatedExecutionMode="Batch"><OutputList></OutputList><MemoryFractions Input="0.999997" Output="0.999997"></MemoryFractions><RunTimeInformation><RunTimeCountersPerThread Thread="7" ActualRows="8835466" Batches="9818" ActualExecutionMode="Batch" ActualElapsedms="1781" ActualCPUms="1753" ActualScans="0" ActualLogicalReads="0" ActualPhysicalReads="0" ActualReadAheads="0" ActualLobLogicalReads="0" ActualLobPhysicalReads="0" ActualLobReadAheads="0" ActualEndOfScans="0" ActualExecutions="1"></RunTimeCountersPerThread><RunTimeCountersPerThread Thread="6" ActualRows="7066483" Batches="7852" ActualExecutionMode="Batch" ActualElapsedms="1784" ActualCPUms="1737" ActualScans="0" ActualLogicalReads="0" ActualPhysicalReads="0" ActualReadAheads="0" ActualLobLogicalReads="0" ActualLobPhysicalReads="0" ActualLobReadAheads="0" ActualEndOfScans="0" ActualExecutions="1"></RunTimeCountersPerThread><RunTimeCountersPerThread Thread="5" ActualRows="8831427" Batches="9814" ActualExecutionMode="Batch" ActualElapsedms="1773" ActualCPUms="1753" ActualScans="0" ActualLogicalReads="0" ActualPhysicalReads="0" ActualReadAheads="0" ActualLobLogicalReads="0" ActualLobPhysicalReads="0" ActualLobReadAheads="0" ActualEndOfScans="0" ActualExecutions="1"></RunTimeCountersPerThread><RunTimeCountersPerThread Thread="4" ActualRows="8832832" Batches="9815" ActualExecutionMode="Batch" ActualElapsedms="1775" ActualCPUms="1756" ActualScans="0" ActualLogicalReads="0" ActualPhysicalReads="0" ActualReadAheads="0" ActualLobLogicalReads="0" ActualLobPhysicalReads="0" ActualLobReadAheads="0" ActualEndOfScans="0" ActualExecutions="1"></RunTimeCountersPerThread><RunTimeCountersPerThread Thread="3" ActualRows="8829785" Batches="9812" ActualExecutionMode="Batch" ActualElapsedms="1778" ActualCPUms="1755" ActualScans="0" ActualLogicalReads="0" ActualPhysicalReads="0" ActualReadAheads="0" ActualLobLogicalReads="0" ActualLobPhysicalReads="0" ActualLobReadAheads="0" ActualEndOfScans="0" ActualExecutions="1"></RunTimeCountersPerThread><RunTimeCountersPerThread Thread="2" ActualRows="8774072" Batches="9750" ActualExecutionMode="Batch" ActualElapsedms="1766" ActualCPUms="1752" ActualScans="0" ActualLogicalReads="0" ActualPhysicalReads="0" ActualReadAheads="0" ActualLobLogicalReads="0" ActualLobPhysicalReads="0" ActualLobReadAheads="0" ActualEndOfScans="0" ActualExecutions="1"></RunTimeCountersPerThread><RunTimeCountersPerThread Thread="1" ActualRows="8829935" Batches="9812" ActualExecutionMode="Batch" ActualElapsedms="1778" ActualCPUms="1752" ActualScans="0" ActualLogicalReads="0" ActualPhysicalReads="0" ActualReadAheads="0" ActualLobLogicalReads="0" ActualLobPhysicalReads="0" ActualLobReadAheads="0" ActualEndOfScans="0" ActualExecutions="1"></RunTimeCountersPerThread><RunTimeCountersPerThread Thread="0" ActualRows="0" Batches="0" ActualExecutionMode="Row" ActualElapsedms="0" ActualCPUms="0" ActualEndOfScans="0" ActualExecutions="0"></RunTimeCountersPerThread></RunTimeInformation><Hash><DefinedValues></DefinedValues><HashKeysBuild><ColumnReference Database="[order_db_unif]" Schema="[dbo]" Table="[order_details]" Alias="[ord_det]" Column="product_id"></ColumnReference></HashKeysBuild><HashKeysProbe><ColumnReference Database="[order_db_unif]" Schema="[dbo]" Table="[product]" Alias="[prod]" Column="id"></ColumnReference></HashKeysProbe><ProbeResidual><ScalarOperator ScalarString="[order_db_unif].[dbo].[order_details].[product_id] as [ord_det].[product_id]=[order_db_unif].[dbo].[product].[id] as [prod].[id]"><Compare CompareOp="EQ"><ScalarOperator><Identifier><ColumnReference Database="[order_db_unif]" Schema="[dbo]" Table="[order_details]" Alias="[ord_det]" Column="product_id"></ColumnReference></Identifier></ScalarOperator><ScalarOperator><Identifier><ColumnReference Database="[order_db_unif]" Schema="[dbo]" Table="[product]" Alias="[prod]" Column="id"></ColumnReference></Identifier></ScalarOperator></Compare></ScalarOperator></ProbeResidual><RelOp NodeId="4" PhysicalOp="Hash Match" LogicalOp="Inner Join" EstimateRows="6.00541e+07" EstimateIO="0" EstimateCPU="11.8493" AvgRowSize="15" EstimatedTotalSubtreeCost="413.154" Parallel="1" EstimateRebinds="0" EstimateRewinds="0" EstimatedExecutionMode="Batch"><OutputList><ColumnReference Database="[order_db_unif]" Schema="[dbo]" Table="[order_details]" Alias="[ord_det]" Column="product_id"></ColumnReference></OutputList><MemoryFractions Input="0.523707" Output="0.523707"></MemoryFractions><RunTimeInformation><RunTimeCountersPerThread Thread="7" ActualRows="8891520" Batches="9880" ActualExecutionMode="Batch" ActualElapsedms="1658" ActualCPUms="1639" ActualScans="0" ActualLogicalReads="0" ActualPhysicalReads="0" ActualReadAheads="0" ActualLobLogicalReads="0" ActualLobPhysicalReads="0" ActualLobReadAheads="0" ActualEndOfScans="0" ActualExecutions="1"></RunTimeCountersPerThread><RunTimeCountersPerThread Thread="6" ActualRows="8558208" Batches="9510" ActualExecutionMode="Batch" ActualElapsedms="1679" ActualCPUms="1645" ActualScans="0" ActualLogicalReads="0" ActualPhysicalReads="0" ActualReadAheads="0" ActualLobLogicalReads="0" ActualLobPhysicalReads="0" ActualLobReadAheads="0" ActualEndOfScans="0" ActualExecutions="1"></RunTimeCountersPerThread><RunTimeCountersPerThread Thread="5" ActualRows="8011008" Batches="8902" ActualExecutionMode="Batch" ActualElapsedms="1692" ActualCPUms="1652" ActualScans="0" ActualLogicalReads="0" ActualPhysicalReads="0" ActualReadAheads="0" ActualLobLogicalReads="0" ActualLobPhysicalReads="0" ActualLobReadAheads="0" ActualEndOfScans="0" ActualExecutions="1"></RunTimeCountersPerThread><RunTimeCountersPerThread Thread="4" ActualRows="8339328" Batches="9266" ActualExecutionMode="Batch" ActualElapsedms="1677" ActualCPUms="1637" ActualScans="0" ActualLogicalReads="0" ActualPhysicalReads="0" ActualReadAheads="0" ActualLobLogicalReads="0" ActualLobPhysicalReads="0" ActualLobReadAheads="0" ActualEndOfScans="0" ActualExecutions="1"></RunTimeCountersPerThread><RunTimeCountersPerThread Thread="3" ActualRows="8667648" Batches="9631" ActualExecutionMode="Batch" ActualElapsedms="1669" ActualCPUms="1657" ActualScans="0" ActualLogicalReads="0" ActualPhysicalReads="0" ActualReadAheads="0" ActualLobLogicalReads="0" ActualLobPhysicalReads="0" ActualLobReadAheads="0" ActualEndOfScans="0" ActualExecutions="1"></RunTimeCountersPerThread><RunTimeCountersPerThread Thread="2" ActualRows="8623872" Batches="9583" ActualExecutionMode="Batch" ActualElapsedms="1674" ActualCPUms="1630" ActualScans="0" ActualLogicalReads="0" ActualPhysicalReads="0" ActualReadAheads="0" ActualLobLogicalReads="0" ActualLobPhysicalReads="0" ActualLobReadAheads="0" ActualEndOfScans="0" ActualExecutions="1"></RunTimeCountersPerThread><RunTimeCountersPerThread Thread="1" ActualRows="8908416" Batches="9899" ActualExecutionMode="Batch" ActualElapsedms="1653" ActualCPUms="1634" ActualScans="0" ActualLogicalReads="0" ActualPhysicalReads="0" ActualReadAheads="0" ActualLobLogicalReads="0" ActualLobPhysicalReads="0" ActualLobReadAheads="0" ActualEndOfScans="0" ActualExecutions="1"></RunTimeCountersPerThread><RunTimeCountersPerThread Thread="0" ActualRows="0" Batches="0" ActualExecutionMode="Row" ActualElapsedms="0" ActualCPUms="0" ActualEndOfScans="0" ActualExecutions="0"></RunTimeCountersPerThread></RunTimeInformation><Hash><DefinedValues></DefinedValues><HashKeysBuild><ColumnReference Database="[order_db_unif]" Schema="[dbo]" Table="[order]" Alias="[ord]" Column="id"></ColumnReference></HashKeysBuild><HashKeysProbe><ColumnReference Database="[order_db_unif]" Schema="[dbo]" Table="[order_details]" Alias="[ord_det]" Column="order_id"></ColumnReference></HashKeysProbe><ProbeResidual><ScalarOperator ScalarString="[order_db_unif].[dbo].[order_details].[order_id] as [ord_det].[order_id]=[order_db_unif].[dbo].[order].[id] as [ord].[id]"><Compare CompareOp="EQ"><ScalarOperator><Identifier><ColumnReference Database="[order_db_unif]" Schema="[dbo]" Table="[order_details]" Alias="[ord_det]" Column="order_id"></ColumnReference></Identifier></ScalarOperator><ScalarOperator><Identifier><ColumnReference Database="[order_db_unif]" Schema="[dbo]" Table="[order]" Alias="[ord]" Column="id"></ColumnReference></Identifier></ScalarOperator></Compare></ScalarOperator></ProbeResidual><RelOp NodeId="5" PhysicalOp="Hash Match" LogicalOp="Inner Join" EstimateRows="2.0018e+07" EstimateIO="0" EstimateCPU="6.29663" AvgRowSize="15" EstimatedTotalSubtreeCost="131.964" Parallel="1" EstimateRebinds="0" EstimateRewinds="0" EstimatedExecutionMode="Batch"><OutputList><ColumnReference Database="[order_db_unif]" Schema="[dbo]" Table="[order]" Alias="[ord]" Column="id"></ColumnReference></OutputList><MemoryFractions Input="0.211411" Output="0.211411"></MemoryFractions><RunTimeInformation><RunTimeCountersPerThread Thread="7" ActualRows="2941856" Batches="3285" ActualExecutionMode="Batch" ActualElapsedms="883" ActualCPUms="864" ActualScans="0" ActualLogicalReads="0" ActualPhysicalReads="0" ActualReadAheads="0" ActualLobLogicalReads="0" ActualLobPhysicalReads="0" ActualLobReadAheads="0" ActualEndOfScans="0" ActualExecutions="1"></RunTimeCountersPerThread><RunTimeCountersPerThread Thread="6" ActualRows="2627762" Batches="2934" ActualExecutionMode="Batch" ActualElapsedms="895" ActualCPUms="873" ActualScans="0" ActualLogicalReads="0" ActualPhysicalReads="0" ActualReadAheads="0" ActualLobLogicalReads="0" ActualLobPhysicalReads="0" ActualLobReadAheads="0" ActualEndOfScans="0" ActualExecutions="1"></RunTimeCountersPerThread><RunTimeCountersPerThread Thread="5" ActualRows="2937575" Batches="3281" ActualExecutionMode="Batch" ActualElapsedms="881" ActualCPUms="875" ActualScans="0" ActualLogicalReads="0" ActualPhysicalReads="0" ActualReadAheads="0" ActualLobLogicalReads="0" ActualLobPhysicalReads="0" ActualLobReadAheads="0" ActualEndOfScans="0" ActualExecutions="1"></RunTimeCountersPerThread><RunTimeCountersPerThread Thread="4" ActualRows="2862861" Batches="3196" ActualExecutionMode="Batch" ActualElapsedms="896" ActualCPUms="877" ActualScans="0" ActualLogicalReads="0" ActualPhysicalReads="0" ActualReadAheads="0" ActualLobLogicalReads="0" ActualLobPhysicalReads="0" ActualLobReadAheads="0" ActualEndOfScans="0" ActualExecutions="1"></RunTimeCountersPerThread><RunTimeCountersPerThread Thread="3" ActualRows="2758007" Batches="3080" ActualExecutionMode="Batch" ActualElapsedms="883" ActualCPUms="872" ActualScans="0" ActualLogicalReads="0" ActualPhysicalReads="0" ActualReadAheads="0" ActualLobLogicalReads="0" ActualLobPhysicalReads="0" ActualLobReadAheads="0" ActualEndOfScans="0" ActualExecutions="1"></RunTimeCountersPerThread><RunTimeCountersPerThread Thread="2" ActualRows="2781704" Batches="3106" ActualExecutionMode="Batch" ActualElapsedms="884" ActualCPUms="871" ActualScans="0" ActualLogicalReads="0" ActualPhysicalReads="0" ActualReadAheads="0" ActualLobLogicalReads="0" ActualLobPhysicalReads="0" ActualLobReadAheads="0" ActualEndOfScans="0" ActualExecutions="1"></RunTimeCountersPerThread><RunTimeCountersPerThread Thread="1" ActualRows="3090235" Batches="3451" ActualExecutionMode="Batch" ActualElapsedms="897" ActualCPUms="888" ActualScans="0" ActualLogicalReads="0" ActualPhysicalReads="0" ActualReadAheads="0" ActualLobLogicalReads="0" ActualLobPhysicalReads="0" ActualLobReadAheads="0" ActualEndOfScans="0" ActualExecutions="1"></RunTimeCountersPerThread><RunTimeCountersPerThread Thread="0" ActualRows="0" Batches="0" ActualExecutionMode="Row" ActualElapsedms="0" ActualCPUms="0" ActualEndOfScans="0" ActualExecutions="0"></RunTimeCountersPerThread></RunTimeInformation><Hash><DefinedValues></DefinedValues><HashKeysBuild><ColumnReference Database="[order_db_unif]" Schema="[dbo]" Table="[order]" Alias="[ord]" Column="customer_id"></ColumnReference></HashKeysBuild><HashKeysProbe><ColumnReference Database="[order_db_unif]" Schema="[dbo]" Table="[customer]" Alias="[cus]" Column="id"></ColumnReference></HashKeysProbe><ProbeResidual><ScalarOperator ScalarString="[order_db_unif].[dbo].[customer].[id] as [cus].[id]=[order_db_unif].[dbo].[order].[customer_id] as [ord].[customer_id]"><Compare CompareOp="EQ"><ScalarOperator><Identifier><ColumnReference Database="[order_db_unif]" Schema="[dbo]" Table="[customer]" Alias="[cus]" Column="id"></ColumnReference></Identifier></ScalarOperator><ScalarOperator><Identifier><ColumnReference Database="[order_db_unif]" Schema="[dbo]" Table="[order]" Alias="[ord]" Column="customer_id"></ColumnReference></Identifier></ScalarOperator></Compare></ScalarOperator></ProbeResidual><RelOp NodeId="6" PhysicalOp="Hash Match" LogicalOp="Inner Join" EstimateRows="2e+07" EstimateIO="0" EstimateCPU="2.84092" AvgRowSize="23" EstimatedTotalSubtreeCost="100.352" Parallel="1" EstimateRebinds="0" EstimateRewinds="0" EstimatedExecutionMode="Batch"><OutputList><ColumnReference Database="[order_db_unif]" Schema="[dbo]" Table="[order]" Alias="[ord]" Column="id"></ColumnReference><ColumnReference Database="[order_db_unif]" Schema="[dbo]" Table="[order]" Alias="[ord]" Column="customer_id"></ColumnReference></OutputList><MemoryFractions Input="5.89866e-06" Output="5.89866e-06"></MemoryFractions><RunTimeInformation><RunTimeCountersPerThread Thread="7" ActualRows="3038976" Batches="3377" ActualExecutionMode="Batch" ActualElapsedms="28" ActualCPUms="21" ActualScans="0" ActualLogicalReads="0" ActualPhysicalReads="0" ActualReadAheads="0" ActualLobLogicalReads="0" ActualLobPhysicalReads="0" ActualLobReadAheads="0" ActualEndOfScans="0" ActualExecutions="1"></RunTimeCountersPerThread><RunTimeCountersPerThread Thread="6" ActualRows="3014400" Batches="3350" ActualExecutionMode="Batch" ActualElapsedms="24" ActualCPUms="21" ActualScans="0" ActualLogicalReads="0" ActualPhysicalReads="0" ActualReadAheads="0" ActualLobLogicalReads="0" ActualLobPhysicalReads="0" ActualLobReadAheads="0" ActualEndOfScans="0" ActualExecutions="1"></RunTimeCountersPerThread><RunTimeCountersPerThread Thread="5" ActualRows="2873728" Batches="3194" ActualExecutionMode="Batch" ActualElapsedms="25" ActualCPUms="21" ActualScans="0" ActualLogicalReads="0" ActualPhysicalReads="0" ActualReadAheads="0" ActualLobLogicalReads="0" ActualLobPhysicalReads="0" ActualLobReadAheads="0" ActualEndOfScans="0" ActualExecutions="1"></RunTimeCountersPerThread><RunTimeCountersPerThread Thread="4" ActualRows="2873728" Batches="3194" ActualExecutionMode="Batch" ActualElapsedms="27" ActualCPUms="21" ActualScans="0" ActualLogicalReads="0" ActualPhysicalReads="0" ActualReadAheads="0" ActualLobLogicalReads="0" ActualLobPhysicalReads="0" ActualLobReadAheads="0" ActualEndOfScans="0" ActualExecutions="1"></RunTimeCountersPerThread><RunTimeCountersPerThread Thread="3" ActualRows="2913920" Batches="3238" ActualExecutionMode="Batch" ActualElapsedms="26" ActualCPUms="21" ActualScans="0" ActualLogicalReads="0" ActualPhysicalReads="0" ActualReadAheads="0" ActualLobLogicalReads="0" ActualLobPhysicalReads="0" ActualLobReadAheads="0" ActualEndOfScans="0" ActualExecutions="1"></RunTimeCountersPerThread><RunTimeCountersPerThread Thread="2" ActualRows="2431616" Batches="2702" ActualExecutionMode="Batch" ActualElapsedms="29" ActualCPUms="22" ActualScans="0" ActualLogicalReads="0" ActualPhysicalReads="0" ActualReadAheads="0" ActualLobLogicalReads="0" ActualLobPhysicalReads="0" ActualLobReadAheads="0" ActualEndOfScans="0" ActualExecutions="1"></RunTimeCountersPerThread><RunTimeCountersPerThread Thread="1" ActualRows="2853632" Batches="3171" ActualExecutionMode="Batch" ActualElapsedms="28" ActualCPUms="20" ActualScans="0" ActualLogicalReads="0" ActualPhysicalReads="0" ActualReadAheads="0" ActualLobLogicalReads="0" ActualLobPhysicalReads="0" ActualLobReadAheads="0" ActualEndOfScans="0" ActualExecutions="1"></RunTimeCountersPerThread><RunTimeCountersPerThread Thread="0" ActualRows="0" Batches="0" ActualExecutionMode="Row" ActualElapsedms="0" ActualCPUms="0" ActualEndOfScans="0" ActualExecutions="0"></RunTimeCountersPerThread></RunTimeInformation><Hash><DefinedValues></DefinedValues><HashKeysBuild><ColumnReference Database="[order_db_unif]" Schema="[dbo]" Table="[deliverer]" Alias="[del]" Column="id"></ColumnReference></HashKeysBuild><HashKeysProbe><ColumnReference Database="[order_db_unif]" Schema="[dbo]" Table="[order]" Alias="[ord]" Column="deliverer_id"></ColumnReference></HashKeysProbe><ProbeResidual><ScalarOperator ScalarString="[order_db_unif].[dbo].[order].[deliverer_id] as [ord].[deliverer_id]=[order_db_unif].[dbo].[deliverer].[id] as [del].[id]"><Compare CompareOp="EQ"><ScalarOperator><Identifier><ColumnReference Database="[order_db_unif]" Schema="[dbo]" Table="[order]" Alias="[ord]" Column="deliverer_id"></ColumnReference></Identifier></ScalarOperator><ScalarOperator><Identifier><ColumnReference Database="[order_db_unif]" Schema="[dbo]" Table="[deliverer]" Alias="[del]" Column="id"></ColumnReference></Identifier></ScalarOperator></Compare></ScalarOperator></ProbeResidual><RelOp NodeId="7" PhysicalOp="Table Scan" LogicalOp="Table Scan" EstimateRows="4" EstimatedRowsRead="4" EstimateIO="0.003125" EstimateCPU="2.30571e-05" AvgRowSize="15" EstimatedTotalSubtreeCost="0.00314806" TableCardinality="4" Parallel="1" EstimateRebinds="0" EstimateRewinds="0" EstimatedExecutionMode="Batch"><OutputList><ColumnReference Database="[order_db_unif]" Schema="[dbo]" Table="[deliverer]" Alias="[del]" Column="id"></ColumnReference></OutputList><RunTimeInformation><RunTimeCountersPerThread Thread="7" ActualRows="0" Batches="0" ActualExecutionMode="Batch" ActualElapsedms="0" ActualCPUms="0" ActualScans="1" ActualLogicalReads="0" ActualPhysicalReads="0" ActualReadAheads="0" ActualLobLogicalReads="0" ActualLobPhysicalReads="0" ActualLobReadAheads="0" ActualEndOfScans="0" ActualExecutions="1"></RunTimeCountersPerThread><RunTimeCountersPerThread Thread="6" ActualRows="0" Batches="0" ActualExecutionMode="Batch" ActualElapsedms="0" ActualCPUms="0" ActualScans="0" ActualLogicalReads="0" ActualPhysicalReads="0" ActualReadAheads="0" ActualLobLogicalReads="0" ActualLobPhysicalReads="0" ActualLobReadAheads="0" ActualEndOfScans="0" ActualExecutions="1"></RunTimeCountersPerThread><RunTimeCountersPerThread Thread="5" ActualRows="0" Batches="0" ActualExecutionMode="Batch" ActualElapsedms="0" ActualCPUms="0" ActualScans="1" ActualLogicalReads="0" ActualPhysicalReads="0" ActualReadAheads="0" ActualLobLogicalReads="0" ActualLobPhysicalReads="0" ActualLobReadAheads="0" ActualEndOfScans="0" ActualExecutions="1"></RunTimeCountersPerThread><RunTimeCountersPerThread Thread="4" ActualRows="4" Batches="1" ActualExecutionMode="Batch" ActualElapsedms="0" ActualCPUms="0" ActualScans="1" ActualLogicalReads="1" ActualPhysicalReads="0" ActualReadAheads="0" ActualLobLogicalReads="0" ActualLobPhysicalReads="0" ActualLobReadAheads="0" ActualRowsRead="4" ActualEndOfScans="0" ActualExecutions="1"></RunTimeCountersPerThread><RunTimeCountersPerThread Thread="3" ActualRows="0" Batches="0" ActualExecutionMode="Batch" ActualElapsedms="0" ActualCPUms="0" ActualScans="0" ActualLogicalReads="0" ActualPhysicalReads="0" ActualReadAheads="0" ActualLobLogicalReads="0" ActualLobPhysicalReads="0" ActualLobReadAheads="0" ActualEndOfScans="0" ActualExecutions="1"></RunTimeCountersPerThread><RunTimeCountersPerThread Thread="2" ActualRows="0" Batches="0" ActualExecutionMode="Batch" ActualElapsedms="0" ActualCPUms="0" ActualScans="1" ActualLogicalReads="0" ActualPhysicalReads="0" ActualReadAheads="0" ActualLobLogicalReads="0" ActualLobPhysicalReads="0" ActualLobReadAheads="0" ActualEndOfScans="0" ActualExecutions="1"></RunTimeCountersPerThread><RunTimeCountersPerThread Thread="1" ActualRows="0" Batches="0" ActualExecutionMode="Batch" ActualElapsedms="0" ActualCPUms="0" ActualScans="0" ActualLogicalReads="0" ActualPhysicalReads="0" ActualReadAheads="0" ActualLobLogicalReads="0" ActualLobPhysicalReads="0" ActualLobReadAheads="0" ActualEndOfScans="0" ActualExecutions="1"></RunTimeCountersPerThread><RunTimeCountersPerThread Thread="0" ActualRows="0" Batches="0" ActualExecutionMode="Row" ActualElapsedms="0" ActualCPUms="0" ActualEndOfScans="0" ActualExecutions="0"></RunTimeCountersPerThread></RunTimeInformation><IndexScan Ordered="0" ForcedIndex="0" ForceSeek="0" ForceScan="0" NoExpandHint="0" Storage="RowStore"><DefinedValues><DefinedValue><ColumnReference Database="[order_db_unif]" Schema="[dbo]" Table="[deliverer]" Alias="[del]" Column="id"></ColumnReference></DefinedValue></DefinedValues><Object Database="[order_db_unif]" Schema="[dbo]" Table="[deliverer]" Alias="[del]" IndexKind="Heap" Storage="RowStore"></Object></IndexScan></RelOp><RelOp NodeId="8" PhysicalOp="Table Scan" LogicalOp="Table Scan" EstimateRows="2e+07" EstimatedRowsRead="2e+07" EstimateIO="94.3646" EstimateCPU="3.14288" AvgRowSize="31" EstimatedTotalSubtreeCost="97.5075" TableCardinality="2e+07" Parallel="1" EstimateRebinds="0" EstimateRewinds="0" EstimatedExecutionMode="Batch"><OutputList><ColumnReference Database="[order_db_unif]" Schema="[dbo]" Table="[order]" Alias="[ord]" Column="id"></ColumnReference><ColumnReference Database="[order_db_unif]" Schema="[dbo]" Table="[order]" Alias="[ord]" Column="customer_id"></ColumnReference><ColumnReference Database="[order_db_unif]" Schema="[dbo]" Table="[order]" Alias="[ord]" Column="deliverer_id"></ColumnReference></OutputList><RunTimeInformation><RunTimeCountersPerThread Thread="7" ActualRows="3038976" Batches="3377" ActualExecutionMode="Batch" ActualElapsedms="563" ActualCPUms="561" ActualScans="1" ActualLogicalReads="19357" ActualPhysicalReads="0" ActualReadAheads="0" ActualLobLogicalReads="0" ActualLobPhysicalReads="0" ActualLobReadAheads="0" ActualRowsRead="3038976" ActualEndOfScans="0" ActualExecutions="1"></RunTimeCountersPerThread><RunTimeCountersPerThread Thread="6" ActualRows="3014400" Batches="3350" ActualExecutionMode="Batch" ActualElapsedms="562" ActualCPUms="560" ActualScans="1" ActualLogicalReads="19200" ActualPhysicalReads="0" ActualReadAheads="0" ActualLobLogicalReads="0" ActualLobPhysicalReads="0" ActualLobReadAheads="0" ActualRowsRead="3014400" ActualEndOfScans="0" ActualExecutions="1"></RunTimeCountersPerThread><RunTimeCountersPerThread Thread="5" ActualRows="2873728" Batches="3194" ActualExecutionMode="Batch" ActualElapsedms="563" ActualCPUms="561" ActualScans="1" ActualLogicalReads="18304" ActualPhysicalReads="0" ActualReadAheads="0" ActualLobLogicalReads="0" ActualLobPhysicalReads="0" ActualLobReadAheads="0" ActualRowsRead="2873728" ActualEndOfScans="0" ActualExecutions="1"></RunTimeCountersPerThread><RunTimeCountersPerThread Thread="4" ActualRows="2873728" Batches="3194" ActualExecutionMode="Batch" ActualElapsedms="554" ActualCPUms="552" ActualScans="1" ActualLogicalReads="18304" ActualPhysicalReads="0" ActualReadAheads="0" ActualLobLogicalReads="0" ActualLobPhysicalReads="0" ActualLobReadAheads="0" ActualRowsRead="2873728" ActualEndOfScans="0" ActualExecutions="1"></RunTimeCountersPerThread><RunTimeCountersPerThread Thread="3" ActualRows="2913920" Batches="3238" ActualExecutionMode="Batch" ActualElapsedms="556" ActualCPUms="553" ActualScans="1" ActualLogicalReads="18560" ActualPhysicalReads="0" ActualReadAheads="0" ActualLobLogicalReads="0" ActualLobPhysicalReads="0" ActualLobReadAheads="0" ActualRowsRead="2913920" ActualEndOfScans="0" ActualExecutions="1"></RunTimeCountersPerThread><RunTimeCountersPerThread Thread="2" ActualRows="2431616" Batches="2702" ActualExecutionMode="Batch" ActualElapsedms="558" ActualCPUms="556" ActualScans="1" ActualLogicalReads="15488" ActualPhysicalReads="0" ActualReadAheads="0" ActualLobLogicalReads="0" ActualLobPhysicalReads="0" ActualLobReadAheads="0" ActualRowsRead="2431616" ActualEndOfScans="0" ActualExecutions="1"></RunTimeCountersPerThread><RunTimeCountersPerThread Thread="1" ActualRows="2853632" Batches="3171" ActualExecutionMode="Batch" ActualElapsedms="549" ActualCPUms="547" ActualScans="1" ActualLogicalReads="18176" ActualPhysicalReads="0" ActualReadAheads="0" ActualLobLogicalReads="0" ActualLobPhysicalReads="0" ActualLobReadAheads="0" ActualRowsRead="2853632" ActualEndOfScans="0" ActualExecutions="1"></RunTimeCountersPerThread><RunTimeCountersPerThread Thread="0" ActualRows="0" Batches="0" ActualExecutionMode="Row" ActualElapsedms="0" ActualCPUms="0" ActualEndOfScans="0" ActualExecutions="0"></RunTimeCountersPerThread></RunTimeInformation><IndexScan Ordered="0" ForcedIndex="0" ForceSeek="0" ForceScan="0" NoExpandHint="0" Storage="RowStore"><DefinedValues><DefinedValue><ColumnReference Database="[order_db_unif]" Schema="[dbo]" Table="[order]" Alias="[ord]" Column="id"></ColumnReference></DefinedValue><DefinedValue><ColumnReference Database="[order_db_unif]" Schema="[dbo]" Table="[order]" Alias="[ord]" Column="customer_id"></ColumnReference></DefinedValue><DefinedValue><ColumnReference Database="[order_db_unif]" Schema="[dbo]" Table="[order]" Alias="[ord]" Column="deliverer_id"></ColumnReference></DefinedValue></DefinedValues><Object Database="[order_db_unif]" Schema="[dbo]" Table="[order]" Alias="[ord]" IndexKind="Heap" Storage="RowStore"></Object></IndexScan></RelOp></Hash></RelOp><RelOp NodeId="9" PhysicalOp="Table Scan" LogicalOp="Table Scan" EstimateRows="5e+06" EstimatedRowsRead="5e+06" EstimateIO="24.5305" EstimateCPU="0.785737" AvgRowSize="15" EstimatedTotalSubtreeCost="25.3163" TableCardinality="5e+06" Parallel="1" EstimateRebinds="0" EstimateRewinds="0" EstimatedExecutionMode="Batch"><OutputList><ColumnReference Database="[order_db_unif]" Schema="[dbo]" Table="[customer]" Alias="[cus]" Column="id"></ColumnReference></OutputList><RunTimeInformation><RunTimeCountersPerThread Thread="7" ActualRows="734464" Batches="817" ActualExecutionMode="Batch" ActualElapsedms="135" ActualCPUms="134" ActualScans="1" ActualLogicalReads="4864" ActualPhysicalReads="0" ActualReadAheads="0" ActualLobLogicalReads="0" ActualLobPhysicalReads="0" ActualLobReadAheads="0" ActualRowsRead="734464" ActualEndOfScans="0" ActualExecutions="1"></RunTimeCountersPerThread><RunTimeCountersPerThread Thread="6" ActualRows="657152" Batches="731" ActualExecutionMode="Batch" ActualElapsedms="134" ActualCPUms="133" ActualScans="1" ActualLogicalReads="4352" ActualPhysicalReads="0" ActualReadAheads="0" ActualLobLogicalReads="0" ActualLobPhysicalReads="0" ActualLobReadAheads="0" ActualRowsRead="657152" ActualEndOfScans="0" ActualExecutions="1"></RunTimeCountersPerThread><RunTimeCountersPerThread Thread="5" ActualRows="734464" Batches="817" ActualExecutionMode="Batch" ActualElapsedms="138" ActualCPUms="138" ActualScans="1" ActualLogicalReads="4864" ActualPhysicalReads="0" ActualReadAheads="0" ActualLobLogicalReads="0" ActualLobPhysicalReads="0" ActualLobReadAheads="0" ActualRowsRead="734464" ActualEndOfScans="0" ActualExecutions="1"></RunTimeCountersPerThread><RunTimeCountersPerThread Thread="4" ActualRows="715136" Batches="795" ActualExecutionMode="Batch" ActualElapsedms="134" ActualCPUms="134" ActualScans="1" ActualLogicalReads="4736" ActualPhysicalReads="0" ActualReadAheads="0" ActualLobLogicalReads="0" ActualLobPhysicalReads="0" ActualLobReadAheads="0" ActualRowsRead="715136" ActualEndOfScans="0" ActualExecutions="1"></RunTimeCountersPerThread><RunTimeCountersPerThread Thread="3" ActualRows="689856" Batches="767" ActualExecutionMode="Batch" ActualElapsedms="141" ActualCPUms="140" ActualScans="1" ActualLogicalReads="4569" ActualPhysicalReads="0" ActualReadAheads="0" ActualLobLogicalReads="0" ActualLobPhysicalReads="0" ActualLobReadAheads="0" ActualRowsRead="689856" ActualEndOfScans="0" ActualExecutions="1"></RunTimeCountersPerThread><RunTimeCountersPerThread Thread="2" ActualRows="695808" Batches="774" ActualExecutionMode="Batch" ActualElapsedms="138" ActualCPUms="138" ActualScans="1" ActualLogicalReads="4608" ActualPhysicalReads="0" ActualReadAheads="0" ActualLobLogicalReads="0" ActualLobPhysicalReads="0" ActualLobReadAheads="0" ActualRowsRead="695808" ActualEndOfScans="0" ActualExecutions="1"></RunTimeCountersPerThread><RunTimeCountersPerThread Thread="1" ActualRows="773120" Batches="860" ActualExecutionMode="Batch" ActualElapsedms="139" ActualCPUms="138" ActualScans="1" ActualLogicalReads="5120" ActualPhysicalReads="0" ActualReadAheads="0" ActualLobLogicalReads="0" ActualLobPhysicalReads="0" ActualLobReadAheads="0" ActualRowsRead="773120" ActualEndOfScans="0" ActualExecutions="1"></RunTimeCountersPerThread><RunTimeCountersPerThread Thread="0" ActualRows="0" Batches="0" ActualExecutionMode="Row" ActualElapsedms="0" ActualCPUms="0" ActualEndOfScans="0" ActualExecutions="0"></RunTimeCountersPerThread></RunTimeInformation><IndexScan Ordered="0" ForcedIndex="0" ForceSeek="0" ForceScan="0" NoExpandHint="0" Storage="RowStore"><DefinedValues><DefinedValue><ColumnReference Database="[order_db_unif]" Schema="[dbo]" Table="[customer]" Alias="[cus]" Column="id"></ColumnReference></DefinedValue></DefinedValues><Object Database="[order_db_unif]" Schema="[dbo]" Table="[customer]" Alias="[cus]" IndexKind="Heap" Storage="RowStore"></Object></IndexScan></RelOp></Hash></RelOp><RelOp NodeId="10" PhysicalOp="Table Scan" LogicalOp="Table Scan" EstimateRows="6e+07" EstimatedRowsRead="6e+07" EstimateIO="259.912" EstimateCPU="9.42859" AvgRowSize="23" EstimatedTotalSubtreeCost="269.341" TableCardinality="6e+07" Parallel="1" EstimateRebinds="0" EstimateRewinds="0" EstimatedExecutionMode="Batch"><OutputList><ColumnReference Database="[order_db_unif]" Schema="[dbo]" Table="[order_details]" Alias="[ord_det]" Column="order_id"></ColumnReference><ColumnReference Database="[order_db_unif]" Schema="[dbo]" Table="[order_details]" Alias="[ord_det]" Column="product_id"></ColumnReference></OutputList><RunTimeInformation><RunTimeCountersPerThread Thread="7" ActualRows="8891520" Batches="9880" ActualExecutionMode="Batch" ActualElapsedms="1334" ActualCPUms="1332" ActualScans="1" ActualLogicalReads="51998" ActualPhysicalReads="0" ActualReadAheads="0" ActualLobLogicalReads="0" ActualLobPhysicalReads="0" ActualLobReadAheads="0" ActualRowsRead="8891520" ActualEndOfScans="0" ActualExecutions="1"></RunTimeCountersPerThread><RunTimeCountersPerThread Thread="6" ActualRows="8558208" Batches="9510" ActualExecutionMode="Batch" ActualElapsedms="1304" ActualCPUms="1300" ActualScans="1" ActualLogicalReads="50048" ActualPhysicalReads="0" ActualReadAheads="0" ActualLobLogicalReads="0" ActualLobPhysicalReads="0" ActualLobReadAheads="0" ActualRowsRead="8558208" ActualEndOfScans="0" ActualExecutions="1"></RunTimeCountersPerThread><RunTimeCountersPerThread Thread="5" ActualRows="8011008" Batches="8902" ActualExecutionMode="Batch" ActualElapsedms="1307" ActualCPUms="1302" ActualScans="1" ActualLogicalReads="46848" ActualPhysicalReads="0" ActualReadAheads="0" ActualLobLogicalReads="0" ActualLobPhysicalReads="0" ActualLobReadAheads="0" ActualRowsRead="8011008" ActualEndOfScans="0" ActualExecutions="1"></RunTimeCountersPerThread><RunTimeCountersPerThread Thread="4" ActualRows="8339328" Batches="9266" ActualExecutionMode="Batch" ActualElapsedms="1308" ActualCPUms="1304" ActualScans="1" ActualLogicalReads="48768" ActualPhysicalReads="0" ActualReadAheads="0" ActualLobLogicalReads="0" ActualLobPhysicalReads="0" ActualLobReadAheads="0" ActualRowsRead="8339328" ActualEndOfScans="0" ActualExecutions="1"></RunTimeCountersPerThread><RunTimeCountersPerThread Thread="3" ActualRows="8667648" Batches="9631" ActualExecutionMode="Batch" ActualElapsedms="1329" ActualCPUms="1325" ActualScans="1" ActualLogicalReads="50688" ActualPhysicalReads="0" ActualReadAheads="0" ActualLobLogicalReads="0" ActualLobPhysicalReads="0" ActualLobReadAheads="0" ActualRowsRead="8667648" ActualEndOfScans="0" ActualExecutions="1"></RunTimeCountersPerThread><RunTimeCountersPerThread Thread="2" ActualRows="8623872" Batches="9583" ActualExecutionMode="Batch" ActualElapsedms="1329" ActualCPUms="1324" ActualScans="1" ActualLogicalReads="50432" ActualPhysicalReads="0" ActualReadAheads="0" ActualLobLogicalReads="0" ActualLobPhysicalReads="0" ActualLobReadAheads="0" ActualRowsRead="8623872" ActualEndOfScans="0" ActualExecutions="1"></RunTimeCountersPerThread><RunTimeCountersPerThread Thread="1" ActualRows="8908416" Batches="9899" ActualExecutionMode="Batch" ActualElapsedms="1334" ActualCPUms="1331" ActualScans="1" ActualLogicalReads="52096" ActualPhysicalReads="0" ActualReadAheads="0" ActualLobLogicalReads="0" ActualLobPhysicalReads="0" ActualLobReadAheads="0" ActualRowsRead="8908416" ActualEndOfScans="0" ActualExecutions="1"></RunTimeCountersPerThread><RunTimeCountersPerThread Thread="0" ActualRows="0" Batches="0" ActualExecutionMode="Row" ActualElapsedms="0" ActualCPUms="0" ActualEndOfScans="0" ActualExecutions="0"></RunTimeCountersPerThread></RunTimeInformation><IndexScan Ordered="0" ForcedIndex="0" ForceSeek="0" ForceScan="0" NoExpandHint="0" Storage="RowStore"><DefinedValues><DefinedValue><ColumnReference Database="[order_db_unif]" Schema="[dbo]" Table="[order_details]" Alias="[ord_det]" Column="order_id"></ColumnReference></DefinedValue><DefinedValue><ColumnReference Database="[order_db_unif]" Schema="[dbo]" Table="[order_details]" Alias="[ord_det]" Column="product_id"></ColumnReference></DefinedValue></DefinedValues><Object Database="[order_db_unif]" Schema="[dbo]" Table="[order_details]" Alias="[ord_det]" IndexKind="Heap" Storage="RowStore"></Object></IndexScan></RelOp></Hash></RelOp><RelOp NodeId="11" PhysicalOp="Table Scan" LogicalOp="Table Scan" EstimateRows="1e+06" EstimatedRowsRead="1e+06" EstimateIO="6.44387" EstimateCPU="0.157165" AvgRowSize="15" EstimatedTotalSubtreeCost="6.60103" TableCardinality="1e+06" Parallel="1" EstimateRebinds="0" EstimateRewinds="0" EstimatedExecutionMode="Batch"><OutputList><ColumnReference Database="[order_db_unif]" Schema="[dbo]" Table="[product]" Alias="[prod]" Column="id"></ColumnReference></OutputList><RunTimeInformation><RunTimeCountersPerThread Thread="7" ActualRows="147200" Batches="164" ActualExecutionMode="Batch" ActualElapsedms="22" ActualCPUms="21" ActualScans="1" ActualLogicalReads="1280" ActualPhysicalReads="0" ActualReadAheads="0" ActualLobLogicalReads="0" ActualLobPhysicalReads="0" ActualLobReadAheads="0" ActualRowsRead="147200" ActualEndOfScans="0" ActualExecutions="1"></RunTimeCountersPerThread><RunTimeCountersPerThread Thread="6" ActualRows="117760" Batches="131" ActualExecutionMode="Batch" ActualElapsedms="21" ActualCPUms="21" ActualScans="1" ActualLogicalReads="1024" ActualPhysicalReads="0" ActualReadAheads="0" ActualLobLogicalReads="0" ActualLobPhysicalReads="0" ActualLobReadAheads="0" ActualRowsRead="117760" ActualEndOfScans="0" ActualExecutions="1"></RunTimeCountersPerThread><RunTimeCountersPerThread Thread="5" ActualRows="147200" Batches="164" ActualExecutionMode="Batch" ActualElapsedms="22" ActualCPUms="21" ActualScans="1" ActualLogicalReads="1280" ActualPhysicalReads="0" ActualReadAheads="0" ActualLobLogicalReads="0" ActualLobPhysicalReads="0" ActualLobReadAheads="0" ActualRowsRead="147200" ActualEndOfScans="0" ActualExecutions="1"></RunTimeCountersPerThread><RunTimeCountersPerThread Thread="4" ActualRows="147200" Batches="164" ActualExecutionMode="Batch" ActualElapsedms="31" ActualCPUms="31" ActualScans="1" ActualLogicalReads="1280" ActualPhysicalReads="0" ActualReadAheads="0" ActualLobLogicalReads="0" ActualLobPhysicalReads="0" ActualLobReadAheads="0" ActualRowsRead="147200" ActualEndOfScans="0" ActualExecutions="1"></RunTimeCountersPerThread><RunTimeCountersPerThread Thread="3" ActualRows="147200" Batches="164" ActualExecutionMode="Batch" ActualElapsedms="21" ActualCPUms="21" ActualScans="1" ActualLogicalReads="1280" ActualPhysicalReads="0" ActualReadAheads="0" ActualLobLogicalReads="0" ActualLobPhysicalReads="0" ActualLobReadAheads="0" ActualRowsRead="147200" ActualEndOfScans="0" ActualExecutions="1"></RunTimeCountersPerThread><RunTimeCountersPerThread Thread="2" ActualRows="146240" Batches="163" ActualExecutionMode="Batch" ActualElapsedms="24" ActualCPUms="23" ActualScans="1" ActualLogicalReads="1272" ActualPhysicalReads="0" ActualReadAheads="0" ActualLobLogicalReads="0" ActualLobPhysicalReads="0" ActualLobReadAheads="0" ActualRowsRead="146240" ActualEndOfScans="0" ActualExecutions="1"></RunTimeCountersPerThread><RunTimeCountersPerThread Thread="1" ActualRows="147200" Batches="164" ActualExecutionMode="Batch" ActualElapsedms="23" ActualCPUms="23" ActualScans="1" ActualLogicalReads="1280" ActualPhysicalReads="0" ActualReadAheads="0" ActualLobLogicalReads="0" ActualLobPhysicalReads="0" ActualLobReadAheads="0" ActualRowsRead="147200" ActualEndOfScans="0" ActualExecutions="1"></RunTimeCountersPerThread><RunTimeCountersPerThread Thread="0" ActualRows="0" Batches="0" ActualExecutionMode="Row" ActualElapsedms="0" ActualCPUms="0" ActualEndOfScans="0" ActualExecutions="0"></RunTimeCountersPerThread></RunTimeInformation><IndexScan Ordered="0" ForcedIndex="0" ForceSeek="0" ForceScan="0" NoExpandHint="0" Storage="RowStore"><DefinedValues><DefinedValue><ColumnReference Database="[order_db_unif]" Schema="[dbo]" Table="[product]" Alias="[prod]" Column="id"></ColumnReference></DefinedValue></DefinedValues><Object Database="[order_db_unif]" Schema="[dbo]" Table="[product]" Alias="[prod]" IndexKind="Heap" Storage="RowStore"></Object></IndexScan></RelOp></Hash></RelOp></Hash></RelOp></ComputeScalar></RelOp></Parallelism></RelOp></QueryPlan></StmtSimple></Statements></Batch></BatchSequence></ShowPlanXML>